"../../../Engine/Plugins/Animation/ACLPlugin/Content/ACLAnimCurveCompressionSettings.uasset" 0
"../../../Engine/Plugins/Animation/ACLPlugin/Content/ACLAnimCurveCompressionSettings.uexp" 1
"../../../Engine/Plugins/Animation/ACLPlugin/Content/ACLAnimBoneCompressionSettings.uasset" 2
"../../../Engine/Plugins/Animation/ACLPlugin/Content/ACLAnimBoneCompressionSettings.uexp" 3
"../../../Engine/Plugins/2D/Paper2D/Content/PlaceholderTextures/DummySpriteTexture.uasset" 4
"../../../Engine/Plugins/2D/Paper2D/Content/PlaceholderTextures/DummySpriteTexture.ubulk" 5
"../../../Engine/Plugins/2D/Paper2D/Content/PlaceholderTextures/DummySpriteTexture.uexp" 6
"../../../Engine/Plugins/2D/Paper2D/Content/DummySprite.uasset" 7
"../../../Engine/Plugins/2D/Paper2D/Content/DummySprite.uexp" 8
"../../../Engine/Plugins/2D/Paper2D/Content/DefaultPaperTerrainMaterial.uasset" 9
"../../../Engine/Plugins/2D/Paper2D/Content/DefaultPaperTerrainMaterial.uexp" 10
"../../../Engine/Content/EngineMaterials/DefaultPhysicalMaterial.uasset" 11
"../../../Engine/Content/EngineMaterials/DefaultPhysicalMaterial.uexp" 12
"../../../Engine/Content/EngineMaterials/DefaultDestructiblePhysicalMaterial.uasset" 13
"../../../Engine/Content/EngineMaterials/DefaultDestructiblePhysicalMaterial.uexp" 14
"../../../Engine/Content/EngineFonts/Faces/DroidSansFallback.uasset" 15
"../../../Engine/Content/EngineFonts/Faces/DroidSansFallback.ufont" 16
"../../../Engine/Content/EngineFonts/Faces/DroidSansFallback.uexp" 17
"../../../Engine/Content/EngineFonts/Faces/RobotoRegular.uasset" 18
"../../../Engine/Content/EngineFonts/Faces/RobotoRegular.ufont" 19
"../../../Engine/Content/EngineFonts/Faces/RobotoRegular.uexp" 20
"../../../Engine/Content/EngineFonts/Faces/RobotoLight.uasset" 21
"../../../Engine/Content/EngineFonts/Faces/RobotoLight.ufont" 22
"../../../Engine/Content/EngineFonts/Faces/RobotoLight.uexp" 23
"../../../Engine/Content/EngineFonts/Faces/RobotoItalic.uasset" 24
"../../../Engine/Content/EngineFonts/Faces/RobotoItalic.ufont" 25
"../../../Engine/Content/EngineFonts/Faces/RobotoItalic.uexp" 26
"../../../Engine/Content/EngineFonts/Faces/RobotoBoldItalic.uasset" 27
"../../../Engine/Content/EngineFonts/Faces/RobotoBoldItalic.ufont" 28
"../../../Engine/Content/EngineFonts/Faces/RobotoBoldItalic.uexp" 29
"../../../Engine/Content/EngineFonts/Faces/RobotoBold.uasset" 30
"../../../Engine/Content/EngineFonts/Faces/RobotoBold.ufont" 31
"../../../Engine/Content/EngineFonts/Faces/RobotoBold.uexp" 32
"../../../Engine/Content/EngineFonts/Roboto.uasset" 33
"../../../Engine/Content/EngineFonts/Roboto.uexp" 34
"../../../Engine/Content/EngineFonts/Faces/DroidSansMono.uasset" 35
"../../../Engine/Content/EngineFonts/Faces/DroidSansMono.ufont" 36
"../../../Engine/Content/EngineFonts/Faces/DroidSansMono.uexp" 37
"../../../Engine/Content/EngineFonts/DroidSansMono.uasset" 38
"../../../Engine/Content/EngineFonts/DroidSansMono.uexp" 39
"../../../Engine/Content/Animation/DefaultVariableFrameStrippingSettings.uasset" 40
"../../../Engine/Content/Animation/DefaultVariableFrameStrippingSettings.uexp" 41
"../../../Engine/Content/Animation/DefaultRecorderBoneCompression.uasset" 42
"../../../Engine/Content/Animation/DefaultRecorderBoneCompression.uexp" 43
"../../../Engine/Plugins/Interchange/Runtime/Content/Pipelines/DefaultTexturePipeline.uasset" 44
"../../../Engine/Plugins/Interchange/Runtime/Content/Pipelines/DefaultTexturePipeline.uexp" 45
"../../../Engine/Plugins/Interchange/Runtime/Content/Pipelines/DefaultSceneLevelPipeline.uasset" 46
"../../../Engine/Plugins/Interchange/Runtime/Content/Pipelines/DefaultSceneLevelPipeline.uexp" 47
"../../../Engine/Plugins/Interchange/Runtime/Content/Pipelines/DefaultSceneAssetsPipeline.uasset" 48
"../../../Engine/Plugins/Interchange/Runtime/Content/Pipelines/DefaultSceneAssetsPipeline.uexp" 49
"../../../Engine/Plugins/Interchange/Runtime/Content/Pipelines/DefaultMaterialXPipeline.uasset" 50
"../../../Engine/Plugins/Interchange/Runtime/Content/Pipelines/DefaultMaterialXPipeline.uexp" 51
"../../../Engine/Plugins/Interchange/Runtime/Content/Pipelines/DefaultMaterialPipeline.uasset" 52
"../../../Engine/Plugins/Interchange/Runtime/Content/Pipelines/DefaultMaterialPipeline.uexp" 53
"../../../Engine/Plugins/Interchange/Runtime/Content/Pipelines/DefaultGLTFSceneAssetsPipeline.uasset" 54
"../../../Engine/Plugins/Interchange/Runtime/Content/Pipelines/DefaultGLTFSceneAssetsPipeline.uexp" 55
"../../../Engine/Plugins/Interchange/Runtime/Content/Pipelines/DefaultGLTFPipeline.uasset" 56
"../../../Engine/Plugins/Interchange/Runtime/Content/Pipelines/DefaultGLTFPipeline.uexp" 57
"../../../Engine/Plugins/Interchange/Runtime/Content/Pipelines/DefaultGLTFAssetsPipeline.uasset" 58
"../../../Engine/Plugins/Interchange/Runtime/Content/Pipelines/DefaultGLTFAssetsPipeline.uexp" 59
"../../../Engine/Plugins/Interchange/Runtime/Content/Pipelines/DefaultAssetsPipeline.uasset" 60
"../../../Engine/Plugins/Interchange/Runtime/Content/Pipelines/DefaultAssetsPipeline.uexp" 61
"../../../Engine/Plugins/Animation/ControlRig/Content/Controls/DefaultGizmoLibraryNormalized.uasset" 62
"../../../Engine/Plugins/Animation/ControlRig/Content/Controls/DefaultGizmoLibraryNormalized.uexp" 63
"../../../Engine/Content/EngineSounds/Master.uasset" 64
"../../../Engine/Content/EngineSounds/Master.uexp" 65
"../../../Engine/Content/MobileResources/HUD/VirtualJoystick_Thumb.uasset" 66
"../../../Engine/Content/MobileResources/HUD/VirtualJoystick_Thumb.uexp" 67
"../../../Engine/Content/MobileResources/HUD/VirtualJoystick_Background.uasset" 68
"../../../Engine/Content/MobileResources/HUD/VirtualJoystick_Background.uexp" 69
"../../../Engine/Content/MobileResources/HUD/DefaultVirtualJoysticks.uasset" 70
"../../../Engine/Content/MobileResources/HUD/DefaultVirtualJoysticks.uexp" 71
"../../../Engine/Content/EngineResources/GradientTexture0.uasset" 72
"../../../Engine/Content/EngineResources/GradientTexture0.uexp" 73
"../../../Engine/Content/EngineResources/Black.uasset" 74
"../../../Engine/Content/EngineResources/Black.uexp" 75
"../../../Engine/Content/EditorResources/S_Actor.uasset" 76
"../../../Engine/Content/EditorResources/S_Actor.ubulk" 77
"../../../Engine/Content/EditorResources/S_Actor.uexp" 78
"../../../Engine/Content/Functions/Engine_MaterialFunctions02/WorldPositionOffset/CameraOffset.uasset" 79
"../../../Engine/Content/Functions/Engine_MaterialFunctions02/WorldPositionOffset/CameraOffset.uexp" 80
"../../../Engine/Plugins/Animation/ControlRig/Content/M_Manip.uasset" 81
"../../../Engine/Plugins/Animation/ControlRig/Content/M_Manip.uexp" 82
"../../../Engine/Plugins/NNE/NNEDenoiser/Content/NNEDTOM_Output_Default.uasset" 83
"../../../Engine/Plugins/NNE/NNEDenoiser/Content/NNEDTOM_Output_Default.uexp" 84
"../../../Engine/Plugins/NNE/NNEDenoiser/Content/NNEDTOM_Output_Alpha.uasset" 85
"../../../Engine/Plugins/NNE/NNEDenoiser/Content/NNEDTOM_Output_Alpha.uexp" 86
"../../../Engine/Plugins/NNE/NNEDenoiser/Content/NNEDTIM_ColorAlbedoNormal_Default.uasset" 87
"../../../Engine/Plugins/NNE/NNEDenoiser/Content/NNEDTIM_ColorAlbedoNormal_Default.uexp" 88
"../../../Engine/Plugins/NNE/NNEDenoiser/Content/NNEDTIM_ColorAlbedoNormal_Alpha.uasset" 89
"../../../Engine/Plugins/NNE/NNEDenoiser/Content/NNEDTIM_ColorAlbedoNormal_Alpha.uexp" 90
"../../../Engine/Plugins/NNE/NNEDenoiser/Content/NNEDOM_Output_Default.uasset" 91
"../../../Engine/Plugins/NNE/NNEDenoiser/Content/NNEDOM_Output_Default.uexp" 92
"../../../Engine/Plugins/NNE/NNEDenoiser/Content/NNEDOM_Output_Alpha.uasset" 93
"../../../Engine/Plugins/NNE/NNEDenoiser/Content/NNEDOM_Output_Alpha.uexp" 94
"../../../Engine/Plugins/NNE/NNEDenoiser/Content/NNEDIM_HighQuality_Default.uasset" 95
"../../../Engine/Plugins/NNE/NNEDenoiser/Content/NNEDIM_HighQuality_Default.uexp" 96
"../../../Engine/Plugins/NNE/NNEDenoiser/Content/NNEDIM_HighQuality_Alpha.uasset" 97
"../../../Engine/Plugins/NNE/NNEDenoiser/Content/NNEDIM_HighQuality_Alpha.uexp" 98
"../../../Engine/Plugins/NNE/NNEDenoiser/Content/NNEDIM_ColorAlbedoNormal_Default.uasset" 99
"../../../Engine/Plugins/NNE/NNEDenoiser/Content/NNEDIM_ColorAlbedoNormal_Default.uexp" 100
"../../../Engine/Plugins/NNE/NNEDenoiser/Content/NNEDIM_ColorAlbedoNormal_Alpha.uasset" 101
"../../../Engine/Plugins/NNE/NNEDenoiser/Content/NNEDIM_ColorAlbedoNormal_Alpha.uexp" 102
"../../../Engine/Content/EngineResources/DefaultTexture.uasset" 103
"../../../Engine/Content/EngineResources/DefaultTexture.ubulk" 104
"../../../Engine/Content/EngineResources/DefaultTexture.uexp" 105
"../../../Engine/Content/EngineMaterials/RemoveSurfaceMaterial.uasset" 106
"../../../Engine/Content/EngineMaterials/RemoveSurfaceMaterial.uexp" 107
"../../../Engine/Content/EngineMaterials/PreintegratedSkinBRDF.uasset" 108
"../../../Engine/Content/EngineMaterials/PreintegratedSkinBRDF.uexp" 109
"../../../Engine/Content/EngineMaterials/PhAT_JointLimitMaterial.uasset" 110
"../../../Engine/Content/EngineMaterials/PhAT_JointLimitMaterial.uexp" 111
"../../../Engine/Content/EngineMaterials/DefaultCalibrationGrayscale.uasset" 112
"../../../Engine/Content/EngineMaterials/DefaultCalibrationGrayscale.uexp" 113
"../../../Engine/Content/EngineMaterials/PPM_DefaultCalibrationGrayscale.uasset" 114
"../../../Engine/Content/EngineMaterials/PPM_DefaultCalibrationGrayscale.uexp" 115
"../../../Engine/Content/EngineMaterials/DefaultCalibrationColor.uasset" 116
"../../../Engine/Content/EngineMaterials/DefaultCalibrationColor.uexp" 117
"../../../Engine/Content/EngineMaterials/PPM_DefaultCalibrationColor.uasset" 118
"../../../Engine/Content/EngineMaterials/PPM_DefaultCalibrationColor.uexp" 119
"../../../Engine/Content/EngineMaterials/NaniteHiddenSectionMaterial.uasset" 120
"../../../Engine/Content/EngineMaterials/NaniteHiddenSectionMaterial.uexp" 121
"../../../Engine/Content/EngineMaterials/MiniFont.uasset" 122
"../../../Engine/Content/EngineMaterials/MiniFont.uexp" 123
"../../../Engine/Content/EngineMaterials/InvalidLightmapSettings.uasset" 124
"../../../Engine/Content/EngineMaterials/InvalidLightmapSettings.ubulk" 125
"../../../Engine/Content/EngineMaterials/InvalidLightmapSettings.uexp" 126
"../../../Engine/Content/EngineMaterials/M_InvalidLightmapSettings.uasset" 127
"../../../Engine/Content/EngineMaterials/M_InvalidLightmapSettings.uexp" 128
"../../../Engine/Content/EngineMaterials/GizmoMaterial.uasset" 129
"../../../Engine/Content/EngineMaterials/GizmoMaterial.uexp" 130
"../../../Engine/Content/EngineMaterials/BaseFlattenDiffuseMap_VT.uasset" 131
"../../../Engine/Content/EngineMaterials/BaseFlattenDiffuseMap_VT.ubulk" 132
"../../../Engine/Content/EngineMaterials/BaseFlattenDiffuseMap_VT.uexp" 133
"../../../Engine/Content/EngineMaterials/BaseFlattenEmissiveMap_VT.uasset" 134
"../../../Engine/Content/EngineMaterials/BaseFlattenEmissiveMap_VT.ubulk" 135
"../../../Engine/Content/EngineMaterials/BaseFlattenEmissiveMap_VT.uexp" 136
"../../../Engine/Content/EngineMaterials/BaseFlattenGrayscaleMap_VT.uasset" 137
"../../../Engine/Content/EngineMaterials/BaseFlattenGrayscaleMap_VT.ubulk" 138
"../../../Engine/Content/EngineMaterials/BaseFlattenGrayscaleMap_VT.uexp" 139
"../../../Engine/Content/EngineMaterials/BaseFlattenLinearColor_VT.uasset" 140
"../../../Engine/Content/EngineMaterials/BaseFlattenLinearColor_VT.ubulk" 141
"../../../Engine/Content/EngineMaterials/BaseFlattenLinearColor_VT.uexp" 142
"../../../Engine/Content/EngineMaterials/BaseFlattenNormalMap_VT.uasset" 143
"../../../Engine/Content/EngineMaterials/BaseFlattenNormalMap_VT.ubulk" 144
"../../../Engine/Content/EngineMaterials/BaseFlattenNormalMap_VT.uexp" 145
"../../../Engine/Content/EngineMaterials/Black_1x1_EXR_Texture_VT.uasset" 146
"../../../Engine/Content/EngineMaterials/Black_1x1_EXR_Texture_VT.ubulk" 147
"../../../Engine/Content/EngineMaterials/Black_1x1_EXR_Texture_VT.uexp" 148
"../../../Engine/Content/EngineMaterials/FlattenMaterial_WS_Normal_VT.uasset" 149
"../../../Engine/Content/EngineMaterials/FlattenMaterial_WS_Normal_VT.uexp" 150
"../../../Engine/Content/EngineMaterials/FlattenMaterial_VT.uasset" 151
"../../../Engine/Content/EngineMaterials/FlattenMaterial_VT.uexp" 152
"../../../Engine/Content/EngineMaterials/BaseFlattenNormalMap.uasset" 153
"../../../Engine/Content/EngineMaterials/BaseFlattenNormalMap.uexp" 154
"../../../Engine/Content/EngineMaterials/BaseFlattenDiffuseMap.uasset" 155
"../../../Engine/Content/EngineMaterials/BaseFlattenDiffuseMap.uexp" 156
"../../../Engine/Content/EngineMaterials/BaseFlattenEmissiveMap.uasset" 157
"../../../Engine/Content/EngineMaterials/BaseFlattenEmissiveMap.uexp" 158
"../../../Engine/Content/EngineMaterials/BaseFlattenGrayscaleMap.uasset" 159
"../../../Engine/Content/EngineMaterials/BaseFlattenGrayscaleMap.uexp" 160
"../../../Engine/Content/EngineMaterials/BaseFlattenLinearColor.uasset" 161
"../../../Engine/Content/EngineMaterials/BaseFlattenLinearColor.uexp" 162
"../../../Engine/Content/Functions/Engine_MaterialFunctions02/PivotPainter2/Black_1x1_EXR_Texture.uasset" 163
"../../../Engine/Content/Functions/Engine_MaterialFunctions02/PivotPainter2/Black_1x1_EXR_Texture.uexp" 164
"../../../Engine/Content/EngineMaterials/FlattenMaterial.uasset" 165
"../../../Engine/Content/EngineMaterials/FlattenMaterial.uexp" 166
"../../../Engine/Content/EngineMaterials/FastBlueNoise_vec2_128x128x64.uasset" 167
"../../../Engine/Content/EngineMaterials/FastBlueNoise_vec2_128x128x64.uexp" 168
"../../../Engine/Content/EngineMaterials/FastBlueNoise_scalar_128x128x8.uasset" 169
"../../../Engine/Content/EngineMaterials/FastBlueNoise_scalar_128x128x8.uexp" 170
"../../../Engine/Content/EngineMaterials/FastBlueNoise_scalar_128x128x64.uasset" 171
"../../../Engine/Content/EngineMaterials/FastBlueNoise_scalar_128x128x64.uexp" 172
"../../../Engine/Content/EngineMaterials/DefaultWhiteGrid_Low.uasset" 173
"../../../Engine/Content/EngineMaterials/DefaultWhiteGrid_Low.uexp" 174
"../../../Engine/Content/EngineMaterials/EmissiveMeshMaterial.uasset" 175
"../../../Engine/Content/EngineMaterials/EmissiveMeshMaterial.uexp" 176
"../../../Engine/Content/EngineMaterials/DefaultWhiteGrid.uasset" 177
"../../../Engine/Content/EngineMaterials/DefaultWhiteGrid.ubulk" 178
"../../../Engine/Content/EngineMaterials/DefaultWhiteGrid.uexp" 179
"../../../Engine/Content/EngineFonts/RobotoDistanceField.uasset" 180
"../../../Engine/Content/EngineFonts/RobotoDistanceField.uexp" 181
"../../../Engine/Content/EngineMaterials/DefaultTextMaterialOpaque.uasset" 182
"../../../Engine/Content/EngineMaterials/DefaultTextMaterialOpaque.uexp" 183
"../../../Engine/Content/Functions/Engine_MaterialFunctions02/Utility/BreakOutFloat2Components.uasset" 184
"../../../Engine/Content/Functions/Engine_MaterialFunctions02/Utility/BreakOutFloat2Components.uexp" 185
"../../../Engine/Content/EngineMaterials/DefaultDiffuse.uasset" 186
"../../../Engine/Content/EngineMaterials/DefaultDiffuse.ubulk" 187
"../../../Engine/Content/EngineMaterials/DefaultDiffuse.uexp" 188
"../../../Engine/Content/EngineMaterials/DefaultPostProcessMaterial.uasset" 189
"../../../Engine/Content/EngineMaterials/DefaultPostProcessMaterial.uexp" 190
"../../../Engine/Content/EngineMaterials/DefaultLightFunctionMaterial.uasset" 191
"../../../Engine/Content/EngineMaterials/DefaultLightFunctionMaterial.uexp" 192
"../../../Engine/Content/EngineMaterials/DefaultDeferredDecalMaterial.uasset" 193
"../../../Engine/Content/EngineMaterials/DefaultDeferredDecalMaterial.uexp" 194
"../../../Engine/Content/EngineMaterials/DefaultBokeh.uasset" 195
"../../../Engine/Content/EngineMaterials/DefaultBokeh.uexp" 196
"../../../Engine/Content/EngineMaterials/DefaultBloomKernel.uasset" 197
"../../../Engine/Content/EngineMaterials/DefaultBloomKernel.uexp" 198
"../../../Engine/Content/Functions/Engine_MaterialFunctions02/Utility/CameraDirectionVector.uasset" 199
"../../../Engine/Content/Functions/Engine_MaterialFunctions02/Utility/CameraDirectionVector.uexp" 200
"../../../Engine/Content/EngineDebugMaterials/VolumeToRender.uasset" 201
"../../../Engine/Content/EngineDebugMaterials/VolumeToRender.uexp" 202
"../../../Engine/Content/EngineDebugMaterials/M_VolumeRenderSphereTracePP.uasset" 203
"../../../Engine/Content/EngineDebugMaterials/M_VolumeRenderSphereTracePP.uexp" 204
"../../../Engine/Content/EngineDebugMaterials/M_SimpleUnlitTranslucent.uasset" 205
"../../../Engine/Content/EngineDebugMaterials/M_SimpleUnlitTranslucent.uexp" 206
"../../../Engine/Content/EngineDebugMaterials/DebugMeshMaterial.uasset" 207
"../../../Engine/Content/EngineDebugMaterials/DebugMeshMaterial.uexp" 208
"../../../Engine/Content/EngineDebugMaterials/DebugEditorMaterial.uasset" 209
"../../../Engine/Content/EngineDebugMaterials/DebugEditorMaterial.uexp" 210
"../../../Engine/Content/EngineDamageTypes/DmgTypeBP_Environmental.uasset" 211
"../../../Engine/Content/EngineDamageTypes/DmgTypeBP_Environmental.uexp" 212
"../../../Engine/Content/EditorResources/S_TriggerSphere.uasset" 213
"../../../Engine/Content/EditorResources/S_TriggerSphere.uexp" 214
"../../../Engine/Content/EditorResources/S_TriggerCapsule.uasset" 215
"../../../Engine/Content/EditorResources/S_TriggerCapsule.uexp" 216
"../../../Engine/Content/EditorResources/S_TriggerBox.uasset" 217
"../../../Engine/Content/EditorResources/S_TriggerBox.uexp" 218
"../../../Engine/Content/EditorResources/S_Trigger.uasset" 219
"../../../Engine/Content/EditorResources/S_Trigger.ubulk" 220
"../../../Engine/Content/EditorResources/S_Trigger.uexp" 221
"../../../Engine/Content/EditorResources/S_Terrain.uasset" 222
"../../../Engine/Content/EditorResources/S_Terrain.ubulk" 223
"../../../Engine/Content/EditorResources/S_Terrain.uexp" 224
"../../../Engine/Content/EditorResources/S_Solver.uasset" 225
"../../../Engine/Content/EditorResources/S_Solver.ubulk" 226
"../../../Engine/Content/EditorResources/S_Solver.uexp" 227
"../../../Engine/Content/EditorResources/S_BoxReflectionCapture.uasset" 228
"../../../Engine/Content/EditorResources/S_BoxReflectionCapture.uexp" 229
"../../../Engine/Content/EditorResources/BSPVertex.uasset" 230
"../../../Engine/Content/EditorResources/BSPVertex.uexp" 231
"../../../Engine/Content/EditorMaterials/PreviewShadowIndicator.uasset" 232
"../../../Engine/Content/EditorMaterials/PreviewShadowIndicator.ubulk" 233
"../../../Engine/Content/EditorMaterials/PreviewShadowIndicator.uexp" 234
"../../../Engine/Content/EditorMaterials/PreviewShadowIndicatorMaterial.uasset" 235
"../../../Engine/Content/EditorMaterials/PreviewShadowIndicatorMaterial.uexp" 236
"../../../Engine/Content/EditorMaterials/PhAT_UnselectedMaterial.uasset" 237
"../../../Engine/Content/EditorMaterials/PhAT_UnselectedMaterial.uexp" 238
"../../../Engine/Content/EditorMaterials/PhAT_NoCollisionMaterial.uasset" 239
"../../../Engine/Content/EditorMaterials/PhAT_NoCollisionMaterial.uexp" 240
"../../../Engine/Content/EditorLandscapeResources/WhiteSquareTexture.uasset" 241
"../../../Engine/Content/EditorLandscapeResources/WhiteSquareTexture.uexp" 242
"../../../Engine/Content/EditorLandscapeResources/LayerVisMaterial.uasset" 243
"../../../Engine/Content/EditorLandscapeResources/LayerVisMaterial.uexp" 244
"../../../Engine/Content/Functions/Engine_MaterialFunctions02/WorldPositionOffset/LocalPosition.uasset" 245
"../../../Engine/Content/Functions/Engine_MaterialFunctions02/WorldPositionOffset/LocalPosition.uexp" 246
"../../../Engine/Content/Functions/Engine_MaterialFunctions01/Texturing/ScaleUVsByCenter.uasset" 247
"../../../Engine/Content/Functions/Engine_MaterialFunctions01/Texturing/ScaleUVsByCenter.uexp" 248
"../../../Engine/Content/Functions/Engine_MaterialFunctions01/Texturing/TextureCropping.uasset" 249
"../../../Engine/Content/Functions/Engine_MaterialFunctions01/Texturing/TextureCropping.uexp" 250
"../../../Engine/Content/Functions/Engine_MaterialFunctions02/ExampleContent/DebugNumberStrip.uasset" 251
"../../../Engine/Content/Functions/Engine_MaterialFunctions02/ExampleContent/DebugNumberStrip.uexp" 252
"../../../Engine/Content/Functions/Engine_MaterialFunctions01/Debug/DebugIntValues.uasset" 253
"../../../Engine/Content/Functions/Engine_MaterialFunctions01/Debug/DebugIntValues.uexp" 254
"../../../Engine/Content/EditorLandscapeResources/LandscapeLayerUsageMaterial.uasset" 255
"../../../Engine/Content/EditorLandscapeResources/LandscapeLayerUsageMaterial.uexp" 256
"../../../Engine/Content/EditorLandscapeResources/DefaultAlphaTexture.uasset" 257
"../../../Engine/Content/EditorLandscapeResources/DefaultAlphaTexture.uexp" 258
"../../../Engine/Content/EditorLandscapeResources/LandscapeDirtyMaterial.uasset" 259
"../../../Engine/Content/EditorLandscapeResources/LandscapeDirtyMaterial.uexp" 260
"../../../Engine/Plugins/VirtualProduction/CameraCalibrationCore/Content/Materials/M_DefaultOddSquare.uasset" 261
"../../../Engine/Plugins/VirtualProduction/CameraCalibrationCore/Content/Materials/M_DefaultOddSquare.uexp" 262
"../../../Engine/Plugins/VirtualProduction/CameraCalibrationCore/Content/Materials/M_DefaultEvenSquare.uasset" 263
"../../../Engine/Plugins/VirtualProduction/CameraCalibrationCore/Content/Materials/M_DefaultEvenSquare.uexp" 264
"../../../Engine/Plugins/Runtime/HairStrands/Content/Materials/HairMeshesDefaultMaterial.uasset" 265
"../../../Engine/Plugins/Runtime/HairStrands/Content/Materials/HairMeshesDefaultMaterial.uexp" 266
"../../../Engine/Plugins/Runtime/HairStrands/Content/Materials/HairDefaultMaterial.uasset" 267
"../../../Engine/Plugins/Runtime/HairStrands/Content/Materials/HairDefaultMaterial.uexp" 268
"../../../Engine/Content/Functions/Engine_MaterialFunctions02/Utility/MakeFloat2.uasset" 269
"../../../Engine/Content/Functions/Engine_MaterialFunctions02/Utility/MakeFloat2.uexp" 270
"../../../Engine/Content/EngineMaterials/HairDebugColor.uasset" 271
"../../../Engine/Content/EngineMaterials/HairDebugColor.uexp" 272
"../../../Engine/Content/EngineMaterials/HairColorMap.uasset" 273
"../../../Engine/Content/EngineMaterials/HairColorMap.uexp" 274
"../../../Engine/Content/Functions/Engine_MaterialFunctions02/Utility/MakeFloat3.uasset" 275
"../../../Engine/Content/Functions/Engine_MaterialFunctions02/Utility/MakeFloat3.uexp" 276
"../../../Engine/Plugins/Runtime/HairStrands/Content/Materials/HairGroupColors.uasset" 277
"../../../Engine/Plugins/Runtime/HairStrands/Content/Materials/HairGroupColors.uexp" 278
"../../../Engine/Plugins/Runtime/HairStrands/Content/Materials/HairDebugMaterial.uasset" 279
"../../../Engine/Plugins/Runtime/HairStrands/Content/Materials/HairDebugMaterial.uexp" 280
"../../../Engine/Plugins/Runtime/HairStrands/Content/Materials/HairCardsDefaultMaterial.uasset" 281
"../../../Engine/Plugins/Runtime/HairStrands/Content/Materials/HairCardsDefaultMaterial.uexp" 282
"../../../Engine/Plugins/Runtime/AudioWidgets/Content/Resources/ScrubHandleDown_Clamped.uasset" 283
"../../../Engine/Plugins/Runtime/AudioWidgets/Content/Resources/ScrubHandleDown_Clamped.uexp" 284
"../../../Engine/Plugins/Interchange/Assets/Content/Functions/MX_UsdPreviewSurface.uasset" 285
"../../../Engine/Plugins/Interchange/Assets/Content/Functions/MX_UsdPreviewSurface.uexp" 286
"../../../Engine/Plugins/Interchange/Assets/Content/Functions/MX_UniformEDF.uasset" 287
"../../../Engine/Plugins/Interchange/Assets/Content/Functions/MX_UniformEDF.uexp" 288
"../../../Engine/Plugins/Interchange/Assets/Content/Functions/MX_TranslucentBSDF.uasset" 289
"../../../Engine/Plugins/Interchange/Assets/Content/Functions/MX_TranslucentBSDF.uexp" 290
"../../../Engine/Plugins/Interchange/Assets/Content/Functions/MX_ThinFilmBSDF.uasset" 291
"../../../Engine/Plugins/Interchange/Assets/Content/Functions/MX_ThinFilmBSDF.uexp" 292
"../../../Engine/Plugins/Interchange/Assets/Content/Functions/MX_SurfaceUnlit.uasset" 293
"../../../Engine/Plugins/Interchange/Assets/Content/Functions/MX_SurfaceUnlit.uexp" 294
"../../../Engine/Plugins/Interchange/Assets/Content/Functions/MX_Surface.uasset" 295
"../../../Engine/Plugins/Interchange/Assets/Content/Functions/MX_Surface.uexp" 296
"../../../Engine/Plugins/Interchange/Assets/Content/Functions/MX_SubsurfaceBSDF.uasset" 297
"../../../Engine/Plugins/Interchange/Assets/Content/Functions/MX_SubsurfaceBSDF.uexp" 298
"../../../Engine/Plugins/Interchange/Assets/Content/Functions/MX_SheenBSDF.uasset" 299
"../../../Engine/Plugins/Interchange/Assets/Content/Functions/MX_SheenBSDF.uexp" 300
"../../../Engine/Plugins/Interchange/Assets/Content/Functions/MX_OrenNayarBSDF.uasset" 301
"../../../Engine/Plugins/Interchange/Assets/Content/Functions/MX_OrenNayarBSDF.uexp" 302
"../../../Engine/Plugins/Interchange/Assets/Content/Functions/MF_IridescenceNoLUT.uasset" 303
"../../../Engine/Plugins/Interchange/Assets/Content/Functions/MF_IridescenceNoLUT.uexp" 304
"../../../Engine/Plugins/Interchange/Assets/Content/Functions/MX_StandardSurface.uasset" 305
"../../../Engine/Plugins/Interchange/Assets/Content/Functions/MX_StandardSurface.uexp" 306
"../../../Engine/Plugins/Interchange/Assets/Content/Functions/MX_TransmissionSurface.uasset" 307
"../../../Engine/Plugins/Interchange/Assets/Content/Functions/MX_TransmissionSurface.uexp" 308
"../../../Engine/Plugins/Interchange/Assets/Content/Functions/MX_OpenPBR_Translucent.uasset" 309
"../../../Engine/Plugins/Interchange/Assets/Content/Functions/MX_OpenPBR_Translucent.uexp" 310
"../../../Engine/Plugins/Interchange/Assets/Content/Functions/MX_OpenPBR_Opaque.uasset" 311
"../../../Engine/Plugins/Interchange/Assets/Content/Functions/MX_OpenPBR_Opaque.uexp" 312
"../../../Engine/Plugins/Interchange/Assets/Content/Functions/MX_MeasuredEDF.uasset" 313
"../../../Engine/Plugins/Interchange/Assets/Content/Functions/MX_MeasuredEDF.uexp" 314
"../../../Engine/Plugins/Interchange/Assets/Content/Functions/MX_GeneralizedSchlickBSDF.uasset" 315
"../../../Engine/Plugins/Interchange/Assets/Content/Functions/MX_GeneralizedSchlickBSDF.uexp" 316
"../../../Engine/Plugins/Interchange/Assets/Content/Functions/MX_Displacement.uasset" 317
"../../../Engine/Plugins/Interchange/Assets/Content/Functions/MX_Displacement.uexp" 318
"../../../Engine/Plugins/Interchange/Assets/Content/Functions/MX_DielectricBSDF.uasset" 319
"../../../Engine/Plugins/Interchange/Assets/Content/Functions/MX_DielectricBSDF.uexp" 320
"../../../Engine/Plugins/Interchange/Assets/Content/Functions/MX_ConicalEDF.uasset" 321
"../../../Engine/Plugins/Interchange/Assets/Content/Functions/MX_ConicalEDF.uexp" 322
"../../../Engine/Plugins/Interchange/Assets/Content/Functions/MX_ConductorBSDF.uasset" 323
"../../../Engine/Plugins/Interchange/Assets/Content/Functions/MX_ConductorBSDF.uexp" 324
"../../../Engine/Plugins/Interchange/Assets/Content/Functions/MX_BurleyDiffuseBSDF.uasset" 325
"../../../Engine/Plugins/Interchange/Assets/Content/Functions/MX_BurleyDiffuseBSDF.uexp" 326
"../../../Engine/Plugins/Interchange/Assets/Content/Functions/MX_AnisotropicVDF.uasset" 327
"../../../Engine/Plugins/Interchange/Assets/Content/Functions/MX_AnisotropicVDF.uexp" 328
"../../../Engine/Plugins/Interchange/Assets/Content/Functions/MX_AbsorptionVDF.uasset" 329
"../../../Engine/Plugins/Interchange/Assets/Content/Functions/MX_AbsorptionVDF.uexp" 330
"../../../Engine/Content/Functions/Engine_MaterialFunctions02/Utility/BreakOutFloat3Components.uasset" 331
"../../../Engine/Content/Functions/Engine_MaterialFunctions02/Utility/BreakOutFloat3Components.uexp" 332
"../../../Engine/Content/Functions/Engine_MaterialFunctions02/Utility/VectorLength.uasset" 333
"../../../Engine/Content/Functions/Engine_MaterialFunctions02/Utility/VectorLength.uexp" 334
"../../../Engine/Content/Functions/Engine_MaterialFunctions02/WorldPositionOffset/ObjectScale.uasset" 335
"../../../Engine/Content/Functions/Engine_MaterialFunctions02/WorldPositionOffset/ObjectScale.uexp" 336
"../../../Engine/Content/Functions/Engine_MaterialFunctions02/SafeNormalize.uasset" 337
"../../../Engine/Content/Functions/Engine_MaterialFunctions02/SafeNormalize.uexp" 338
"../../../Engine/Plugins/Editor/SpeedTreeImporter/Content/SpeedTree9/game_wind_noise.uasset" 339
"../../../Engine/Plugins/Editor/SpeedTreeImporter/Content/SpeedTree9/game_wind_noise.ubulk" 340
"../../../Engine/Plugins/Editor/SpeedTreeImporter/Content/SpeedTree9/game_wind_noise.uexp" 341
"../../../Engine/Plugins/Editor/SpeedTreeImporter/Content/SpeedTree9/UnpackInteger3.uasset" 342
"../../../Engine/Plugins/Editor/SpeedTreeImporter/Content/SpeedTree9/UnpackInteger3.uexp" 343
"../../../Engine/Plugins/Editor/SpeedTreeImporter/Content/SpeedTree9/UnpackDirection.uasset" 344
"../../../Engine/Plugins/Editor/SpeedTreeImporter/Content/SpeedTree9/UnpackDirection.uexp" 345
"../../../Engine/Plugins/Editor/SpeedTreeImporter/Content/SpeedTree9/SpeedTreeWindMotion.uasset" 346
"../../../Engine/Plugins/Editor/SpeedTreeImporter/Content/SpeedTree9/SpeedTreeWindMotion.uexp" 347
"../../../Engine/Plugins/Editor/SpeedTreeImporter/Content/SpeedTree9/SpeedTreeBranchMotion.uasset" 348
"../../../Engine/Plugins/Editor/SpeedTreeImporter/Content/SpeedTree9/SpeedTreeBranchMotion.uexp" 349
"../../../Engine/Content/Functions/Engine_MaterialFunctions02/ObjectLocalBounds.uasset" 350
"../../../Engine/Content/Functions/Engine_MaterialFunctions02/ObjectLocalBounds.uexp" 351
"../../../Engine/Content/Functions/Engine_MaterialFunctions02/UVs/BoundingBoxBased_0-1_UVW.uasset" 352
"../../../Engine/Content/Functions/Engine_MaterialFunctions02/UVs/BoundingBoxBased_0-1_UVW.uexp" 353
"../../../Engine/Plugins/Editor/SpeedTreeImporter/Content/SpeedTree9/SpeedTreeWind.uasset" 354
"../../../Engine/Plugins/Editor/SpeedTreeImporter/Content/SpeedTree9/SpeedTreeWind.uexp" 355
"../../../Engine/Plugins/Editor/SpeedTreeImporter/Content/SpeedTree9/SpeedTreeCameraFacing.uasset" 356
"../../../Engine/Plugins/Editor/SpeedTreeImporter/Content/SpeedTree9/SpeedTreeCameraFacing.uexp" 357
"../../../Engine/Plugins/Editor/SpeedTreeImporter/Content/SpeedTree9/Empty.uasset" 358
"../../../Engine/Plugins/Editor/SpeedTreeImporter/Content/SpeedTree9/Empty.uexp" 359
"../../../Engine/Plugins/Editor/SpeedTreeImporter/Content/SpeedTree9/EmptyNormal.uasset" 360
"../../../Engine/Plugins/Editor/SpeedTreeImporter/Content/SpeedTree9/EmptyNormal.uexp" 361
"../../../Engine/Plugins/Editor/SpeedTreeImporter/Content/SpeedTree9/SpeedTreeMaster.uasset" 362
"../../../Engine/Plugins/Editor/SpeedTreeImporter/Content/SpeedTree9/SpeedTreeMaster.uexp" 363
"../../../Engine/Plugins/Editor/SpeedTreeImporter/Content/SpeedTree9/SpeedTreeBillboard.uasset" 364
"../../../Engine/Plugins/Editor/SpeedTreeImporter/Content/SpeedTree9/SpeedTreeBillboard.uexp" 365
"../../../Engine/Plugins/Editor/SpeedTreeImporter/Content/SpeedTree9/SpeedTreeBillboardMaster.uasset" 366
"../../../Engine/Plugins/Editor/SpeedTreeImporter/Content/SpeedTree9/SpeedTreeBillboardMaster.uexp" 367
"../../../Engine/Plugins/Animation/ControlRig/Content/Controls/ControlRigXRayMaterial.uasset" 368
"../../../Engine/Plugins/Animation/ControlRig/Content/Controls/ControlRigXRayMaterial.uexp" 369
"../../../Engine/Plugins/Animation/ControlRig/Content/Controls/ControlRigGizmoMaterial.uasset" 370
"../../../Engine/Plugins/Animation/ControlRig/Content/Controls/ControlRigGizmoMaterial.uexp" 371
"../../../Engine/Content/EditorMaterials/Dataflow/DataflowVertexMaterial.uasset" 372
"../../../Engine/Content/EditorMaterials/Dataflow/DataflowVertexMaterial.uexp" 373
"../../../Engine/Content/EditorMaterials/Dataflow/DataflowTwoSidedVertexMaterial.uasset" 374
"../../../Engine/Content/EditorMaterials/Dataflow/DataflowTwoSidedVertexMaterial.uexp" 375
"../../../Engine/Content/EngineResources/FilmGrains/Marcie_Grain_v3_128_M2_000.uasset" 376
"../../../Engine/Content/EngineResources/FilmGrains/Marcie_Grain_v3_128_M2_000.uexp" 377
"../../../Engine/Content/EngineResources/Development/ZenLogo_64.uasset" 378
"../../../Engine/Content/EngineResources/Development/ZenLogo_64.uexp" 379
"../../../Engine/Content/EngineMaterials/LTC/Sheen_LTC.uasset" 380
"../../../Engine/Content/EngineMaterials/LTC/Sheen_LTC.uexp" 381
"../../../Engine/Content/EngineMaterials/LTC/GGX_LTCMat.uasset" 382
"../../../Engine/Content/EngineMaterials/LTC/GGX_LTCMat.uexp" 383
"../../../Engine/Content/EngineMaterials/LTC/GGX_LTCAmp.uasset" 384
"../../../Engine/Content/EngineMaterials/LTC/GGX_LTCAmp.uexp" 385
"../../../Engine/Content/EngineMaterials/EnergyConservation/Sheen_Energy.uasset" 386
"../../../Engine/Content/EngineMaterials/EnergyConservation/Sheen_Energy.uexp" 387
"../../../Engine/Content/EngineMaterials/EnergyConservation/SheenLegacy_Energy.uasset" 388
"../../../Engine/Content/EngineMaterials/EnergyConservation/SheenLegacy_Energy.uexp" 389
"../../../Engine/Content/EngineMaterials/EnergyConservation/GGX_TransmissionEnergyArray.uasset" 390
"../../../Engine/Content/EngineMaterials/EnergyConservation/GGX_TransmissionEnergyArray.uexp" 391
"../../../Engine/Content/EngineMaterials/EnergyConservation/GGX_ReflectionEnergy.uasset" 392
"../../../Engine/Content/EngineMaterials/EnergyConservation/GGX_ReflectionEnergy.uexp" 393
"../../../Engine/Content/EngineMaterials/EnergyConservation/Diffuse_Energy.uasset" 394
"../../../Engine/Content/EngineMaterials/EnergyConservation/Diffuse_Energy.uexp" 395
"../../../Engine/Content/EditorResources/SequenceRecorder/RecordingIndicator.uasset" 396
"../../../Engine/Content/EditorResources/SequenceRecorder/RecordingIndicator.uexp" 397
"../../../Engine/Content/EditorResources/SequenceRecorder/Countdown.uasset" 398
"../../../Engine/Content/EditorResources/SequenceRecorder/Countdown.uexp" 399
"../../../Engine/Content/EditorMaterials/ParticleSystems/PSysThumbnail_OOD.uasset" 400
"../../../Engine/Content/EditorMaterials/ParticleSystems/PSysThumbnail_OOD.ubulk" 401
"../../../Engine/Content/EditorMaterials/ParticleSystems/PSysThumbnail_OOD.uexp" 402
"../../../Engine/Content/EditorMaterials/ParticleSystems/PSysThumbnail_NoImage.uasset" 403
"../../../Engine/Content/EditorMaterials/ParticleSystems/PSysThumbnail_NoImage.ubulk" 404
"../../../Engine/Content/EditorMaterials/ParticleSystems/PSysThumbnail_NoImage.uexp" 405
"../../../Engine/Content/Functions/Engine_MaterialFunctions01/Shading/PowerToRoughness.uasset" 406
"../../../Engine/Content/Functions/Engine_MaterialFunctions01/Shading/PowerToRoughness.uexp" 407
"../../../Engine/Content/Functions/Engine_MaterialFunctions01/Shading/ConvertFromDiffSpec.uasset" 408
"../../../Engine/Content/Functions/Engine_MaterialFunctions01/Shading/ConvertFromDiffSpec.uexp" 409
"../../../Engine/Content/EngineMeshes/Sphere.uasset" 410
"../../../Engine/Content/EngineMeshes/Sphere.ubulk" 411
"../../../Engine/Content/EngineMeshes/Sphere.uexp" 412
"../../../Engine/Content/EngineResources/DefaultTextureCube.uasset" 413
"../../../Engine/Content/EngineResources/DefaultTextureCube.uexp" 414
"../../../Engine/Content/EngineResources/DefaultVolumeTexture2D.uasset" 415
"../../../Engine/Content/EngineResources/DefaultVolumeTexture2D.uexp" 416
"../../../Engine/Content/EngineResources/DefaultVolumeTexture.uasset" 417
"../../../Engine/Content/EngineResources/DefaultVolumeTexture.uexp" 418
"../../../Engine/Plugins/2D/Paper2D/Content/DefaultSpriteMaterial.uasset" 419
"../../../Engine/Plugins/2D/Paper2D/Content/DefaultSpriteMaterial.uexp" 420
"../../../Engine/Plugins/2D/Paper2D/Content/OpaqueUnlitSpriteMaterial.uasset" 421
"../../../Engine/Plugins/2D/Paper2D/Content/OpaqueUnlitSpriteMaterial.uexp" 422
"../../../Engine/Plugins/2D/Paper2D/Content/MaskedUnlitSpriteMaterial.uasset" 423
"../../../Engine/Plugins/2D/Paper2D/Content/MaskedUnlitSpriteMaterial.uexp" 424
"../../../Engine/Content/EngineMaterials/T_Default_Material_Grid_M.uasset" 425
"../../../Engine/Content/EngineMaterials/T_Default_Material_Grid_M.ubulk" 426
"../../../Engine/Content/EngineMaterials/T_Default_Material_Grid_M.uexp" 427
"../../../Engine/Content/Functions/Engine_MaterialFunctions01/Opacity/CameraDepthFade.uasset" 428
"../../../Engine/Content/Functions/Engine_MaterialFunctions01/Opacity/CameraDepthFade.uexp" 429
"../../../Engine/Content/EngineMaterials/T_Default_Material_Grid_N.uasset" 430
"../../../Engine/Content/EngineMaterials/T_Default_Material_Grid_N.ubulk" 431
"../../../Engine/Content/EngineMaterials/T_Default_Material_Grid_N.uexp" 432
"../../../Engine/Content/EngineMaterials/WorldGridMaterial.uasset" 433
"../../../Engine/Content/EngineMaterials/WorldGridMaterial.uexp" 434
"../../../Engine/Plugins/Media/MediaPlate/Content/SM_MediaPlateScreen.uasset" 435
"../../../Engine/Plugins/Media/MediaPlate/Content/SM_MediaPlateScreen.ubulk" 436
"../../../Engine/Plugins/Media/MediaPlate/Content/SM_MediaPlateScreen.uexp" 437
"../../../Engine/Content/EngineResources/WhiteSquareTexture.uasset" 438
"../../../Engine/Content/EngineResources/WhiteSquareTexture.uexp" 439
"../../../Engine/Content/EngineMaterials/Widget3DPassThrough.uasset" 440
"../../../Engine/Content/EngineMaterials/Widget3DPassThrough.uexp" 441
"../../../Engine/Content/EngineMaterials/Widget3DPassThrough_Translucent.uasset" 442
"../../../Engine/Content/EngineMaterials/Widget3DPassThrough_Translucent.uexp" 443
"../../../Engine/Content/EngineMaterials/Widget3DPassThrough_Translucent_OneSided.uasset" 444
"../../../Engine/Content/EngineMaterials/Widget3DPassThrough_Translucent_OneSided.uexp" 445
"../../../Engine/Content/EngineMaterials/Widget3DPassThrough_Opaque.uasset" 446
"../../../Engine/Content/EngineMaterials/Widget3DPassThrough_Opaque.uexp" 447
"../../../Engine/Content/EngineMaterials/Widget3DPassThrough_Opaque_OneSided.uasset" 448
"../../../Engine/Content/EngineMaterials/Widget3DPassThrough_Opaque_OneSided.uexp" 449
"../../../Engine/Content/EngineMaterials/Widget3DPassThrough_Masked_OneSided.uasset" 450
"../../../Engine/Content/EngineMaterials/Widget3DPassThrough_Masked_OneSided.uexp" 451
"../../../Engine/Content/EngineMaterials/Widget3DPassThrough_Masked.uasset" 452
"../../../Engine/Content/EngineMaterials/Widget3DPassThrough_Masked.uexp" 453
"../../../Engine/Content/EngineMaterials/WeightMapPlaceholderTexture.uasset" 454
"../../../Engine/Content/EngineMaterials/WeightMapPlaceholderTexture.uexp" 455
"../../../Engine/Content/EngineMaterials/WeightMapArrayPlaceholderTexture.uasset" 456
"../../../Engine/Content/EngineMaterials/WeightMapArrayPlaceholderTexture.uexp" 457
"../../../Engine/Content/EditorLandscapeResources/SplineEditorMeshMat.uasset" 458
"../../../Engine/Content/EditorLandscapeResources/SplineEditorMeshMat.uexp" 459
"../../../Engine/Content/EditorLandscapeResources/SplineEditorMesh.uasset" 460
"../../../Engine/Content/EditorLandscapeResources/SplineEditorMesh.ubulk" 461
"../../../Engine/Content/EditorLandscapeResources/SplineEditorMesh.uexp" 462
"../../../Engine/Content/Functions/Engine_MaterialFunctions03/Math/WithinRangeFloat2.uasset" 463
"../../../Engine/Content/Functions/Engine_MaterialFunctions03/Math/WithinRangeFloat2.uexp" 464
"../../../Engine/Content/EditorLandscapeResources/SelectBrushMaterial.uasset" 465
"../../../Engine/Content/EditorLandscapeResources/SelectBrushMaterial.uexp" 466
"../../../Engine/Content/EditorLandscapeResources/SelectBrushMaterial_SelectedRegion.uasset" 467
"../../../Engine/Content/EditorLandscapeResources/SelectBrushMaterial_SelectedRegion.uexp" 468
"../../../Engine/Content/EditorLandscapeResources/SelectBrushMaterial_Selected.uasset" 469
"../../../Engine/Content/EditorLandscapeResources/SelectBrushMaterial_Selected.uexp" 470
"../../../Engine/Content/EditorLandscapeResources/MaskBrushMaterial.uasset" 471
"../../../Engine/Content/EditorLandscapeResources/MaskBrushMaterial.uexp" 472
"../../../Engine/Content/EditorLandscapeResources/MaskBrushMaterial_MaskedRegion.uasset" 473
"../../../Engine/Content/EditorLandscapeResources/MaskBrushMaterial_MaskedRegion.uexp" 474
"../../../Engine/Content/EditorLandscapeResources/ColorMaskBrushMaterial.uasset" 475
"../../../Engine/Content/EditorLandscapeResources/ColorMaskBrushMaterial.uexp" 476
"../../../Engine/Content/EditorLandscapeResources/ColorMaskBrushMaterial_MaskedRegion.uasset" 477
"../../../Engine/Content/EditorLandscapeResources/ColorMaskBrushMaterial_MaskedRegion.uexp" 478
"../../../Engine/Content/BasicShapes/Plane.uasset" 479
"../../../Engine/Content/BasicShapes/Plane.ubulk" 480
"../../../Engine/Content/BasicShapes/Plane.uexp" 481
"../../../Engine/Content/EngineMaterials/DefaultMaterial.uasset" 482
"../../../Engine/Content/EngineMaterials/DefaultMaterial.uexp" 483
"../../../Engine/Content/BasicShapes/Cylinder.uasset" 484
"../../../Engine/Content/BasicShapes/Cylinder.ubulk" 485
"../../../Engine/Content/BasicShapes/Cylinder.uexp" 486
"../../../Engine/Content/BasicShapes/Cone.uasset" 487
"../../../Engine/Content/BasicShapes/Cone.ubulk" 488
"../../../Engine/Content/BasicShapes/Cone.uexp" 489
"../../../Engine/Plugins/Animation/ControlRig/Content/Controls/ControlRig_Wedge_solid.uasset" 490
"../../../Engine/Plugins/Animation/ControlRig/Content/Controls/ControlRig_Wedge_solid.ubulk" 491
"../../../Engine/Plugins/Animation/ControlRig/Content/Controls/ControlRig_Wedge_solid.uexp" 492
"../../../Engine/Plugins/Animation/ControlRig/Content/Controls/ControlRig_Wedge_3mm.uasset" 493
"../../../Engine/Plugins/Animation/ControlRig/Content/Controls/ControlRig_Wedge_3mm.ubulk" 494
"../../../Engine/Plugins/Animation/ControlRig/Content/Controls/ControlRig_Wedge_3mm.uexp" 495
"../../../Engine/Plugins/Animation/ControlRig/Content/Controls/ControlRig_Wedge_1mm.uasset" 496
"../../../Engine/Plugins/Animation/ControlRig/Content/Controls/ControlRig_Wedge_1mm.ubulk" 497
"../../../Engine/Plugins/Animation/ControlRig/Content/Controls/ControlRig_Wedge_1mm.uexp" 498
"../../../Engine/Plugins/Animation/ControlRig/Content/Controls/ControlRig_Triangle_solid.uasset" 499
"../../../Engine/Plugins/Animation/ControlRig/Content/Controls/ControlRig_Triangle_solid.ubulk" 500
"../../../Engine/Plugins/Animation/ControlRig/Content/Controls/ControlRig_Triangle_solid.uexp" 501
"../../../Engine/Plugins/Animation/ControlRig/Content/Controls/ControlRig_Triangle_3mm.uasset" 502
"../../../Engine/Plugins/Animation/ControlRig/Content/Controls/ControlRig_Triangle_3mm.ubulk" 503
"../../../Engine/Plugins/Animation/ControlRig/Content/Controls/ControlRig_Triangle_3mm.uexp" 504
"../../../Engine/Plugins/Animation/ControlRig/Content/Controls/ControlRig_Triangle_1mm.uasset" 505
"../../../Engine/Plugins/Animation/ControlRig/Content/Controls/ControlRig_Triangle_1mm.ubulk" 506
"../../../Engine/Plugins/Animation/ControlRig/Content/Controls/ControlRig_Triangle_1mm.uexp" 507
"../../../Engine/Plugins/Animation/ControlRig/Content/Controls/ControlRig_Star4_solid.uasset" 508
"../../../Engine/Plugins/Animation/ControlRig/Content/Controls/ControlRig_Star4_solid.ubulk" 509
"../../../Engine/Plugins/Animation/ControlRig/Content/Controls/ControlRig_Star4_solid.uexp" 510
"../../../Engine/Plugins/Animation/ControlRig/Content/Controls/ControlRig_Star4_3mm.uasset" 511
"../../../Engine/Plugins/Animation/ControlRig/Content/Controls/ControlRig_Star4_3mm.ubulk" 512
"../../../Engine/Plugins/Animation/ControlRig/Content/Controls/ControlRig_Star4_3mm.uexp" 513
"../../../Engine/Plugins/Animation/ControlRig/Content/Controls/ControlRig_Star4_1mm.uasset" 514
"../../../Engine/Plugins/Animation/ControlRig/Content/Controls/ControlRig_Star4_1mm.ubulk" 515
"../../../Engine/Plugins/Animation/ControlRig/Content/Controls/ControlRig_Star4_1mm.uexp" 516
"../../../Engine/Plugins/Animation/ControlRig/Content/Controls/ControlRig_Square_solid.uasset" 517
"../../../Engine/Plugins/Animation/ControlRig/Content/Controls/ControlRig_Square_solid.ubulk" 518
"../../../Engine/Plugins/Animation/ControlRig/Content/Controls/ControlRig_Square_solid.uexp" 519
"../../../Engine/Plugins/Animation/ControlRig/Content/Controls/ControlRig_Square_3mm.uasset" 520
"../../../Engine/Plugins/Animation/ControlRig/Content/Controls/ControlRig_Square_3mm.ubulk" 521
"../../../Engine/Plugins/Animation/ControlRig/Content/Controls/ControlRig_Square_3mm.uexp" 522
"../../../Engine/Plugins/Animation/ControlRig/Content/Controls/ControlRig_Square_1mm.uasset" 523
"../../../Engine/Plugins/Animation/ControlRig/Content/Controls/ControlRig_Square_1mm.ubulk" 524
"../../../Engine/Plugins/Animation/ControlRig/Content/Controls/ControlRig_Square_1mm.uexp" 525
"../../../Engine/Plugins/Animation/ControlRig/Content/Controls/ControlRig_Sphere_solid.uasset" 526
"../../../Engine/Plugins/Animation/ControlRig/Content/Controls/ControlRig_Sphere_solid.ubulk" 527
"../../../Engine/Plugins/Animation/ControlRig/Content/Controls/ControlRig_Sphere_solid.uexp" 528
"../../../Engine/Plugins/Animation/ControlRig/Content/Controls/ControlRig_Sphere_3mm.uasset" 529
"../../../Engine/Plugins/Animation/ControlRig/Content/Controls/ControlRig_Sphere_3mm.ubulk" 530
"../../../Engine/Plugins/Animation/ControlRig/Content/Controls/ControlRig_Sphere_3mm.uexp" 531
"../../../Engine/Plugins/Animation/ControlRig/Content/Controls/ControlRig_Sphere_1mm.uasset" 532
"../../../Engine/Plugins/Animation/ControlRig/Content/Controls/ControlRig_Sphere_1mm.ubulk" 533
"../../../Engine/Plugins/Animation/ControlRig/Content/Controls/ControlRig_Sphere_1mm.uexp" 534
"../../../Engine/Plugins/Animation/ControlRig/Content/Controls/ControlRig_RoundedTriangle_solid.uasset" 535
"../../../Engine/Plugins/Animation/ControlRig/Content/Controls/ControlRig_RoundedTriangle_solid.ubulk" 536
"../../../Engine/Plugins/Animation/ControlRig/Content/Controls/ControlRig_RoundedTriangle_solid.uexp" 537
"../../../Engine/Plugins/Animation/ControlRig/Content/Controls/ControlRig_RoundedTriangle_3mm.uasset" 538
"../../../Engine/Plugins/Animation/ControlRig/Content/Controls/ControlRig_RoundedTriangle_3mm.ubulk" 539
"../../../Engine/Plugins/Animation/ControlRig/Content/Controls/ControlRig_RoundedTriangle_3mm.uexp" 540
"../../../Engine/Plugins/Animation/ControlRig/Content/Controls/ControlRig_RoundedTriangle_1mm.uasset" 541
"../../../Engine/Plugins/Animation/ControlRig/Content/Controls/ControlRig_RoundedTriangle_1mm.ubulk" 542
"../../../Engine/Plugins/Animation/ControlRig/Content/Controls/ControlRig_RoundedTriangle_1mm.uexp" 543
"../../../Engine/Plugins/Animation/ControlRig/Content/Controls/ControlRig_RoundedSquare_solid.uasset" 544
"../../../Engine/Plugins/Animation/ControlRig/Content/Controls/ControlRig_RoundedSquare_solid.ubulk" 545
"../../../Engine/Plugins/Animation/ControlRig/Content/Controls/ControlRig_RoundedSquare_solid.uexp" 546
"../../../Engine/Plugins/Animation/ControlRig/Content/Controls/ControlRig_RoundedSquare_3mm.uasset" 547
"../../../Engine/Plugins/Animation/ControlRig/Content/Controls/ControlRig_RoundedSquare_3mm.ubulk" 548
"../../../Engine/Plugins/Animation/ControlRig/Content/Controls/ControlRig_RoundedSquare_3mm.uexp" 549
"../../../Engine/Plugins/Animation/ControlRig/Content/Controls/ControlRig_RoundedSquare_1mm.uasset" 550
"../../../Engine/Plugins/Animation/ControlRig/Content/Controls/ControlRig_RoundedSquare_1mm.ubulk" 551
"../../../Engine/Plugins/Animation/ControlRig/Content/Controls/ControlRig_RoundedSquare_1mm.uexp" 552
"../../../Engine/Plugins/Animation/ControlRig/Content/Controls/ControlRig_QuarterCircle_solid.uasset" 553
"../../../Engine/Plugins/Animation/ControlRig/Content/Controls/ControlRig_QuarterCircle_solid.ubulk" 554
"../../../Engine/Plugins/Animation/ControlRig/Content/Controls/ControlRig_QuarterCircle_solid.uexp" 555
"../../../Engine/Plugins/Animation/ControlRig/Content/Controls/ControlRig_QuarterCircle_3mm.uasset" 556
"../../../Engine/Plugins/Animation/ControlRig/Content/Controls/ControlRig_QuarterCircle_3mm.ubulk" 557
"../../../Engine/Plugins/Animation/ControlRig/Content/Controls/ControlRig_QuarterCircle_3mm.uexp" 558
"../../../Engine/Plugins/Animation/ControlRig/Content/Controls/ControlRig_QuarterCircle_1mm.uasset" 559
"../../../Engine/Plugins/Animation/ControlRig/Content/Controls/ControlRig_QuarterCircle_1mm.ubulk" 560
"../../../Engine/Plugins/Animation/ControlRig/Content/Controls/ControlRig_QuarterCircle_1mm.uexp" 561
"../../../Engine/Plugins/Animation/ControlRig/Content/Controls/ControlRig_Pyramid_solid.uasset" 562
"../../../Engine/Plugins/Animation/ControlRig/Content/Controls/ControlRig_Pyramid_solid.ubulk" 563
"../../../Engine/Plugins/Animation/ControlRig/Content/Controls/ControlRig_Pyramid_solid.uexp" 564
"../../../Engine/Plugins/Animation/ControlRig/Content/Controls/ControlRig_Pyramid_3mm.uasset" 565
"../../../Engine/Plugins/Animation/ControlRig/Content/Controls/ControlRig_Pyramid_3mm.ubulk" 566
"../../../Engine/Plugins/Animation/ControlRig/Content/Controls/ControlRig_Pyramid_3mm.uexp" 567
"../../../Engine/Plugins/Animation/ControlRig/Content/Controls/ControlRig_Pyramid_1mm.uasset" 568
"../../../Engine/Plugins/Animation/ControlRig/Content/Controls/ControlRig_Pyramid_1mm.ubulk" 569
"../../../Engine/Plugins/Animation/ControlRig/Content/Controls/ControlRig_Pyramid_1mm.uexp" 570
"../../../Engine/Plugins/Animation/ControlRig/Content/Controls/ControlRig_Octagon_solid.uasset" 571
"../../../Engine/Plugins/Animation/ControlRig/Content/Controls/ControlRig_Octagon_solid.ubulk" 572
"../../../Engine/Plugins/Animation/ControlRig/Content/Controls/ControlRig_Octagon_solid.uexp" 573
"../../../Engine/Plugins/Animation/ControlRig/Content/Controls/ControlRig_Octagon_3mm.uasset" 574
"../../../Engine/Plugins/Animation/ControlRig/Content/Controls/ControlRig_Octagon_3mm.ubulk" 575
"../../../Engine/Plugins/Animation/ControlRig/Content/Controls/ControlRig_Octagon_3mm.uexp" 576
"../../../Engine/Plugins/Animation/ControlRig/Content/Controls/ControlRig_Octagon_1mm.uasset" 577
"../../../Engine/Plugins/Animation/ControlRig/Content/Controls/ControlRig_Octagon_1mm.ubulk" 578
"../../../Engine/Plugins/Animation/ControlRig/Content/Controls/ControlRig_Octagon_1mm.uexp" 579
"../../../Engine/Plugins/Animation/ControlRig/Content/Controls/ControlRig_Hexagon_solid.uasset" 580
"../../../Engine/Plugins/Animation/ControlRig/Content/Controls/ControlRig_Hexagon_solid.ubulk" 581
"../../../Engine/Plugins/Animation/ControlRig/Content/Controls/ControlRig_Hexagon_solid.uexp" 582
"../../../Engine/Plugins/Animation/ControlRig/Content/Controls/ControlRig_Hexagon_3mm.uasset" 583
"../../../Engine/Plugins/Animation/ControlRig/Content/Controls/ControlRig_Hexagon_3mm.ubulk" 584
"../../../Engine/Plugins/Animation/ControlRig/Content/Controls/ControlRig_Hexagon_3mm.uexp" 585
"../../../Engine/Plugins/Animation/ControlRig/Content/Controls/ControlRig_Hexagon_1mm.uasset" 586
"../../../Engine/Plugins/Animation/ControlRig/Content/Controls/ControlRig_Hexagon_1mm.ubulk" 587
"../../../Engine/Plugins/Animation/ControlRig/Content/Controls/ControlRig_Hexagon_1mm.uexp" 588
"../../../Engine/Plugins/Animation/ControlRig/Content/Controls/ControlRig_HalfCircle_solid.uasset" 589
"../../../Engine/Plugins/Animation/ControlRig/Content/Controls/ControlRig_HalfCircle_solid.ubulk" 590
"../../../Engine/Plugins/Animation/ControlRig/Content/Controls/ControlRig_HalfCircle_solid.uexp" 591
"../../../Engine/Plugins/Animation/ControlRig/Content/Controls/ControlRig_HalfCircle_3mm.uasset" 592
"../../../Engine/Plugins/Animation/ControlRig/Content/Controls/ControlRig_HalfCircle_3mm.ubulk" 593
"../../../Engine/Plugins/Animation/ControlRig/Content/Controls/ControlRig_HalfCircle_3mm.uexp" 594
"../../../Engine/Plugins/Animation/ControlRig/Content/Controls/ControlRig_HalfCircle_1mm.uasset" 595
"../../../Engine/Plugins/Animation/ControlRig/Content/Controls/ControlRig_HalfCircle_1mm.ubulk" 596
"../../../Engine/Plugins/Animation/ControlRig/Content/Controls/ControlRig_HalfCircle_1mm.uexp" 597
"../../../Engine/Plugins/Animation/ControlRig/Content/Controls/ControlRig_Diamond_solid.uasset" 598
"../../../Engine/Plugins/Animation/ControlRig/Content/Controls/ControlRig_Diamond_solid.ubulk" 599
"../../../Engine/Plugins/Animation/ControlRig/Content/Controls/ControlRig_Diamond_solid.uexp" 600
"../../../Engine/Plugins/Animation/ControlRig/Content/Controls/ControlRig_Diamond_3mm.uasset" 601
"../../../Engine/Plugins/Animation/ControlRig/Content/Controls/ControlRig_Diamond_3mm.ubulk" 602
"../../../Engine/Plugins/Animation/ControlRig/Content/Controls/ControlRig_Diamond_3mm.uexp" 603
"../../../Engine/Plugins/Animation/ControlRig/Content/Controls/ControlRig_Diamond_1mm.uasset" 604
"../../../Engine/Plugins/Animation/ControlRig/Content/Controls/ControlRig_Diamond_1mm.ubulk" 605
"../../../Engine/Plugins/Animation/ControlRig/Content/Controls/ControlRig_Diamond_1mm.uexp" 606
"../../../Engine/Plugins/Animation/ControlRig/Content/Controls/ControlRig_Circle_solid.uasset" 607
"../../../Engine/Plugins/Animation/ControlRig/Content/Controls/ControlRig_Circle_solid.ubulk" 608
"../../../Engine/Plugins/Animation/ControlRig/Content/Controls/ControlRig_Circle_solid.uexp" 609
"../../../Engine/Plugins/Animation/ControlRig/Content/Controls/ControlRig_Circle_3mm.uasset" 610
"../../../Engine/Plugins/Animation/ControlRig/Content/Controls/ControlRig_Circle_3mm.ubulk" 611
"../../../Engine/Plugins/Animation/ControlRig/Content/Controls/ControlRig_Circle_3mm.uexp" 612
"../../../Engine/Plugins/Animation/ControlRig/Content/Controls/ControlRig_Circle_1mm.uasset" 613
"../../../Engine/Plugins/Animation/ControlRig/Content/Controls/ControlRig_Circle_1mm.ubulk" 614
"../../../Engine/Plugins/Animation/ControlRig/Content/Controls/ControlRig_Circle_1mm.uexp" 615
"../../../Engine/Plugins/Animation/ControlRig/Content/Controls/ControlRig_Box_solid.uasset" 616
"../../../Engine/Plugins/Animation/ControlRig/Content/Controls/ControlRig_Box_solid.ubulk" 617
"../../../Engine/Plugins/Animation/ControlRig/Content/Controls/ControlRig_Box_solid.uexp" 618
"../../../Engine/Plugins/Animation/ControlRig/Content/Controls/ControlRig_Box_3mm.uasset" 619
"../../../Engine/Plugins/Animation/ControlRig/Content/Controls/ControlRig_Box_3mm.ubulk" 620
"../../../Engine/Plugins/Animation/ControlRig/Content/Controls/ControlRig_Box_3mm.uexp" 621
"../../../Engine/Plugins/Animation/ControlRig/Content/Controls/ControlRig_Box_1mm.uasset" 622
"../../../Engine/Plugins/Animation/ControlRig/Content/Controls/ControlRig_Box_1mm.ubulk" 623
"../../../Engine/Plugins/Animation/ControlRig/Content/Controls/ControlRig_Box_1mm.uexp" 624
"../../../Engine/Plugins/Animation/ControlRig/Content/Controls/ControlRig_Arrow_solid.uasset" 625
"../../../Engine/Plugins/Animation/ControlRig/Content/Controls/ControlRig_Arrow_solid.ubulk" 626
"../../../Engine/Plugins/Animation/ControlRig/Content/Controls/ControlRig_Arrow_solid.uexp" 627
"../../../Engine/Plugins/Animation/ControlRig/Content/Controls/ControlRig_Arrow_3mm.uasset" 628
"../../../Engine/Plugins/Animation/ControlRig/Content/Controls/ControlRig_Arrow_3mm.ubulk" 629
"../../../Engine/Plugins/Animation/ControlRig/Content/Controls/ControlRig_Arrow_3mm.uexp" 630
"../../../Engine/Plugins/Animation/ControlRig/Content/Controls/ControlRig_Arrow_1mm.uasset" 631
"../../../Engine/Plugins/Animation/ControlRig/Content/Controls/ControlRig_Arrow_1mm.ubulk" 632
"../../../Engine/Plugins/Animation/ControlRig/Content/Controls/ControlRig_Arrow_1mm.uexp" 633
"../../../Engine/Plugins/Animation/ControlRig/Content/Controls/ControlRig_Arrow4_solid.uasset" 634
"../../../Engine/Plugins/Animation/ControlRig/Content/Controls/ControlRig_Arrow4_solid.ubulk" 635
"../../../Engine/Plugins/Animation/ControlRig/Content/Controls/ControlRig_Arrow4_solid.uexp" 636
"../../../Engine/Plugins/Animation/ControlRig/Content/Controls/ControlRig_Arrow4_3mm.uasset" 637
"../../../Engine/Plugins/Animation/ControlRig/Content/Controls/ControlRig_Arrow4_3mm.ubulk" 638
"../../../Engine/Plugins/Animation/ControlRig/Content/Controls/ControlRig_Arrow4_3mm.uexp" 639
"../../../Engine/Plugins/Animation/ControlRig/Content/Controls/ControlRig_Arrow4_1mm.uasset" 640
"../../../Engine/Plugins/Animation/ControlRig/Content/Controls/ControlRig_Arrow4_1mm.ubulk" 641
"../../../Engine/Plugins/Animation/ControlRig/Content/Controls/ControlRig_Arrow4_1mm.uexp" 642
"../../../Engine/Plugins/Animation/ControlRig/Content/Controls/ControlRig_Arrow2_solid.uasset" 643
"../../../Engine/Plugins/Animation/ControlRig/Content/Controls/ControlRig_Arrow2_solid.ubulk" 644
"../../../Engine/Plugins/Animation/ControlRig/Content/Controls/ControlRig_Arrow2_solid.uexp" 645
"../../../Engine/Plugins/Animation/ControlRig/Content/Controls/ControlRig_Arrow2_3mm.uasset" 646
"../../../Engine/Plugins/Animation/ControlRig/Content/Controls/ControlRig_Arrow2_3mm.ubulk" 647
"../../../Engine/Plugins/Animation/ControlRig/Content/Controls/ControlRig_Arrow2_3mm.uexp" 648
"../../../Engine/Plugins/Animation/ControlRig/Content/Controls/ControlRig_Arrow2_1mm.uasset" 649
"../../../Engine/Plugins/Animation/ControlRig/Content/Controls/ControlRig_Arrow2_1mm.ubulk" 650
"../../../Engine/Plugins/Animation/ControlRig/Content/Controls/ControlRig_Arrow2_1mm.uexp" 651
"../../../Engine/Content/EditorMaterials/Camera/CineMat.uasset" 652
"../../../Engine/Content/EditorMaterials/Camera/CineMat.uexp" 653
"../../../Engine/Content/EditorMaterials/Camera/MI_CineMat_Rig.uasset" 654
"../../../Engine/Content/EditorMaterials/Camera/MI_CineMat_Rig.uexp" 655
"../../../Engine/Content/EditorMeshes/Camera/SM_RailRig_Track.uasset" 656
"../../../Engine/Content/EditorMeshes/Camera/SM_RailRig_Track.ubulk" 657
"../../../Engine/Content/EditorMeshes/Camera/SM_RailRig_Track.uexp" 658
"../../../Engine/Content/EditorMeshes/Camera/SM_RailRig_Mount.uasset" 659
"../../../Engine/Content/EditorMeshes/Camera/SM_RailRig_Mount.ubulk" 660
"../../../Engine/Content/EditorMeshes/Camera/SM_RailRig_Mount.uexp" 661
"../../../Engine/Content/EditorMeshes/Camera/SM_CraneRig_Mount.uasset" 662
"../../../Engine/Content/EditorMeshes/Camera/SM_CraneRig_Mount.ubulk" 663
"../../../Engine/Content/EditorMeshes/Camera/SM_CraneRig_Mount.uexp" 664
"../../../Engine/Content/EditorMeshes/Camera/SM_CraneRig_Body.uasset" 665
"../../../Engine/Content/EditorMeshes/Camera/SM_CraneRig_Body.ubulk" 666
"../../../Engine/Content/EditorMeshes/Camera/SM_CraneRig_Body.uexp" 667
"../../../Engine/Content/EditorMeshes/Camera/SM_CraneRig_Base.uasset" 668
"../../../Engine/Content/EditorMeshes/Camera/SM_CraneRig_Base.ubulk" 669
"../../../Engine/Content/EditorMeshes/Camera/SM_CraneRig_Base.uexp" 670
"../../../Engine/Content/EditorMeshes/Camera/SM_CraneRig_Arm.uasset" 671
"../../../Engine/Content/EditorMeshes/Camera/SM_CraneRig_Arm.ubulk" 672
"../../../Engine/Content/EditorMeshes/Camera/SM_CraneRig_Arm.uexp" 673
"../../../Engine/Content/VREditor/TransformGizmo/Xray.uasset" 674
"../../../Engine/Content/VREditor/TransformGizmo/Xray.uexp" 675
"../../../Engine/Content/VREditor/TransformGizmo/Main.uasset" 676
"../../../Engine/Content/VREditor/TransformGizmo/Main.uexp" 677
"../../../Engine/Content/VREditor/TransformGizmo/SM_Sequencer_Node.uasset" 678
"../../../Engine/Content/VREditor/TransformGizmo/SM_Sequencer_Node.ubulk" 679
"../../../Engine/Content/VREditor/TransformGizmo/SM_Sequencer_Node.uexp" 680
"../../../Engine/Content/VREditor/TransformGizmo/TranslucentTransformGizmoMaterial.uasset" 681
"../../../Engine/Content/VREditor/TransformGizmo/TranslucentTransformGizmoMaterial.uexp" 682
"../../../Engine/Content/VREditor/LaserPointer/VR_LaserPower_01.uasset" 683
"../../../Engine/Content/VREditor/LaserPointer/VR_LaserPower_01.ubulk" 684
"../../../Engine/Content/VREditor/LaserPointer/VR_LaserPower_01.uexp" 685
"../../../Engine/Content/VREditor/TransformGizmo/TransformGizmoMaterial.uasset" 686
"../../../Engine/Content/VREditor/TransformGizmo/TransformGizmoMaterial.uexp" 687
"../../../Engine/Content/VREditor/TransformGizmo/BoundingBoxEdge.uasset" 688
"../../../Engine/Content/VREditor/TransformGizmo/BoundingBoxEdge.ubulk" 689
"../../../Engine/Content/VREditor/TransformGizmo/BoundingBoxEdge.uexp" 690
"../../../Engine/Content/VREditor/TransformGizmo/BoundingBoxCorner.uasset" 691
"../../../Engine/Content/VREditor/TransformGizmo/BoundingBoxCorner.ubulk" 692
"../../../Engine/Content/VREditor/TransformGizmo/BoundingBoxCorner.uexp" 693
"../../../Engine/Plugins/Interchange/Assets/Content/gltf/Textures/T_White_srgb.uasset" 694
"../../../Engine/Plugins/Interchange/Assets/Content/gltf/Textures/T_White_srgb.uexp" 695
"../../../Engine/Plugins/Interchange/Assets/Content/gltf/MaterialFunctions/MF_BaseColor.uasset" 696
"../../../Engine/Plugins/Interchange/Assets/Content/gltf/MaterialFunctions/MF_BaseColor.uexp" 697
"../../../Engine/Plugins/Interchange/Assets/Content/gltf/MaterialFunctions/MF_RotateV2.uasset" 698
"../../../Engine/Plugins/Interchange/Assets/Content/gltf/MaterialFunctions/MF_RotateV2.uexp" 699
"../../../Engine/Plugins/Interchange/Assets/Content/gltf/MaterialFunctions/MF_TransformUVs.uasset" 700
"../../../Engine/Plugins/Interchange/Assets/Content/gltf/MaterialFunctions/MF_TransformUVs.uexp" 701
"../../../Engine/Plugins/Interchange/Assets/Content/gltf/MaterialBodies/MF_Unlit_Body.uasset" 702
"../../../Engine/Plugins/Interchange/Assets/Content/gltf/MaterialBodies/MF_Unlit_Body.uexp" 703
"../../../Engine/Plugins/Interchange/Assets/Content/gltf/M_Unlit.uasset" 704
"../../../Engine/Plugins/Interchange/Assets/Content/gltf/M_Unlit.uexp" 705
"../../../Engine/Plugins/Interchange/Assets/Content/gltf/MaterialInstances/MI_Unlit_Opaque_DS.uasset" 706
"../../../Engine/Plugins/Interchange/Assets/Content/gltf/MaterialInstances/MI_Unlit_Opaque_DS.uexp" 707
"../../../Engine/Plugins/Interchange/Assets/Content/gltf/MaterialInstances/MI_Unlit_Opaque.uasset" 708
"../../../Engine/Plugins/Interchange/Assets/Content/gltf/MaterialInstances/MI_Unlit_Opaque.uexp" 709
"../../../Engine/Plugins/Interchange/Assets/Content/gltf/MaterialInstances/MI_Unlit_Mask_DS.uasset" 710
"../../../Engine/Plugins/Interchange/Assets/Content/gltf/MaterialInstances/MI_Unlit_Mask_DS.uexp" 711
"../../../Engine/Plugins/Interchange/Assets/Content/gltf/MaterialInstances/MI_Unlit_Mask.uasset" 712
"../../../Engine/Plugins/Interchange/Assets/Content/gltf/MaterialInstances/MI_Unlit_Mask.uexp" 713
"../../../Engine/Plugins/Interchange/Assets/Content/gltf/MaterialInstances/MI_Unlit_Blend_DS.uasset" 714
"../../../Engine/Plugins/Interchange/Assets/Content/gltf/MaterialInstances/MI_Unlit_Blend_DS.uexp" 715
"../../../Engine/Plugins/Interchange/Assets/Content/gltf/MaterialInstances/MI_Unlit_Blend.uasset" 716
"../../../Engine/Plugins/Interchange/Assets/Content/gltf/MaterialInstances/MI_Unlit_Blend.uexp" 717
"../../../Engine/Content/EngineMaterials/Good64x64TilingNoiseHighFreq.uasset" 718
"../../../Engine/Content/EngineMaterials/Good64x64TilingNoiseHighFreq.uexp" 719
"../../../Engine/Content/Functions/Engine_MaterialFunctions02/Texturing/ScreenAlignedPixelToPixelUVs.uasset" 720
"../../../Engine/Content/Functions/Engine_MaterialFunctions02/Texturing/ScreenAlignedPixelToPixelUVs.uexp" 721
"../../../Engine/Plugins/Interchange/Assets/Content/Utilities/New_LUT.uasset" 722
"../../../Engine/Plugins/Interchange/Assets/Content/Utilities/New_LUT.uexp" 723
"../../../Engine/Content/Functions/Engine_MaterialFunctions03/Math/RemapValueRange.uasset" 724
"../../../Engine/Content/Functions/Engine_MaterialFunctions03/Math/RemapValueRange.uexp" 725
"../../../Engine/Plugins/Interchange/Assets/Content/Functions/MF_Iridescence.uasset" 726
"../../../Engine/Plugins/Interchange/Assets/Content/Functions/MF_Iridescence.uexp" 727
"../../../Engine/Plugins/Interchange/Assets/Content/gltf/MaterialFunctions/MF_Fresnel_DS.uasset" 728
"../../../Engine/Plugins/Interchange/Assets/Content/gltf/MaterialFunctions/MF_Fresnel_DS.uexp" 729
"../../../Engine/Plugins/Interchange/Assets/Content/gltf/MaterialFunctions/MF_IOR.uasset" 730
"../../../Engine/Plugins/Interchange/Assets/Content/gltf/MaterialFunctions/MF_IOR.uexp" 731
"../../../Engine/Plugins/Interchange/Assets/Content/gltf/MaterialFunctions/MF_Iridescence.uasset" 732
"../../../Engine/Plugins/Interchange/Assets/Content/gltf/MaterialFunctions/MF_Iridescence.uexp" 733
"../../../Engine/Plugins/Interchange/Assets/Content/gltf/Textures/T_White_Linear.uasset" 734
"../../../Engine/Plugins/Interchange/Assets/Content/gltf/Textures/T_White_Linear.uexp" 735
"../../../Engine/Plugins/Interchange/Assets/Content/gltf/MaterialFunctions/MF_MetallicRoughness.uasset" 736
"../../../Engine/Plugins/Interchange/Assets/Content/gltf/MaterialFunctions/MF_MetallicRoughness.uexp" 737
"../../../Engine/Content/Functions/Engine_MaterialFunctions02/Math/Transform3x3Matrix.uasset" 738
"../../../Engine/Content/Functions/Engine_MaterialFunctions02/Math/Transform3x3Matrix.uexp" 739
"../../../Engine/Plugins/Interchange/Assets/Content/gltf/MaterialFunctions/MF_RotateNormals_TS.uasset" 740
"../../../Engine/Plugins/Interchange/Assets/Content/gltf/MaterialFunctions/MF_RotateNormals_TS.uexp" 741
"../../../Engine/Plugins/Interchange/Assets/Content/gltf/MaterialFunctions/MF_ScaleNormal.uasset" 742
"../../../Engine/Plugins/Interchange/Assets/Content/gltf/MaterialFunctions/MF_ScaleNormal.uexp" 743
"../../../Engine/Plugins/Interchange/Assets/Content/gltf/Textures/T_Generic_N.uasset" 744
"../../../Engine/Plugins/Interchange/Assets/Content/gltf/Textures/T_Generic_N.uexp" 745
"../../../Engine/Plugins/Interchange/Assets/Content/gltf/MaterialFunctions/MF_Normals.uasset" 746
"../../../Engine/Plugins/Interchange/Assets/Content/gltf/MaterialFunctions/MF_Normals.uexp" 747
"../../../Engine/Plugins/Interchange/Assets/Content/gltf/MaterialFunctions/MF_Occlusion.uasset" 748
"../../../Engine/Plugins/Interchange/Assets/Content/gltf/MaterialFunctions/MF_Occlusion.uexp" 749
"../../../Engine/Plugins/Interchange/Assets/Content/gltf/MaterialFunctions/MF_Specular.uasset" 750
"../../../Engine/Plugins/Interchange/Assets/Content/gltf/MaterialFunctions/MF_Specular.uexp" 751
"../../../Engine/Plugins/Interchange/Assets/Content/gltf/Textures/T_Anisotropy_Direction_Linear.uasset" 752
"../../../Engine/Plugins/Interchange/Assets/Content/gltf/Textures/T_Anisotropy_Direction_Linear.uexp" 753
"../../../Engine/Plugins/Interchange/Assets/Content/gltf/MaterialFunctions/MF_SpecularAnisotropy.uasset" 754
"../../../Engine/Plugins/Interchange/Assets/Content/gltf/MaterialFunctions/MF_SpecularAnisotropy.uexp" 755
"../../../Engine/Plugins/Interchange/Assets/Content/gltf/MaterialFunctions/MF_Temporal_Blur.uasset" 756
"../../../Engine/Plugins/Interchange/Assets/Content/gltf/MaterialFunctions/MF_Temporal_Blur.uexp" 757
"../../../Engine/Plugins/Interchange/Assets/Content/gltf/MaterialFunctions/MF_Transmission.uasset" 758
"../../../Engine/Plugins/Interchange/Assets/Content/gltf/MaterialFunctions/MF_Transmission.uexp" 759
"../../../Engine/Plugins/Interchange/Assets/Content/gltf/MaterialBodies/MF_Transmission_Body.uasset" 760
"../../../Engine/Plugins/Interchange/Assets/Content/gltf/MaterialBodies/MF_Transmission_Body.uexp" 761
"../../../Engine/Plugins/Interchange/Assets/Content/gltf/M_Transmission.uasset" 762
"../../../Engine/Plugins/Interchange/Assets/Content/gltf/M_Transmission.uexp" 763
"../../../Engine/Plugins/Interchange/Assets/Content/gltf/MaterialInstances/MI_Transmission_DS.uasset" 764
"../../../Engine/Plugins/Interchange/Assets/Content/gltf/MaterialInstances/MI_Transmission_DS.uexp" 765
"../../../Engine/Plugins/Interchange/Assets/Content/gltf/MaterialInstances/MI_Transmission.uasset" 766
"../../../Engine/Plugins/Interchange/Assets/Content/gltf/MaterialInstances/MI_Transmission.uexp" 767
"../../../Engine/Content/Functions/Engine_MaterialFunctions02/Math/AddComponents.uasset" 768
"../../../Engine/Content/Functions/Engine_MaterialFunctions02/Math/AddComponents.uexp" 769
"../../../Engine/Plugins/Interchange/Assets/Content/gltf/MaterialFunctions/MF_DiffuseSpecGloss.uasset" 770
"../../../Engine/Plugins/Interchange/Assets/Content/gltf/MaterialFunctions/MF_DiffuseSpecGloss.uexp" 771
"../../../Engine/Plugins/Interchange/Assets/Content/gltf/MaterialFunctions/MF_Emissive.uasset" 772
"../../../Engine/Plugins/Interchange/Assets/Content/gltf/MaterialFunctions/MF_Emissive.uexp" 773
"../../../Engine/Plugins/Interchange/Assets/Content/gltf/MaterialFunctions/MF_MaxComponentValue.uasset" 774
"../../../Engine/Plugins/Interchange/Assets/Content/gltf/MaterialFunctions/MF_MaxComponentValue.uexp" 775
"../../../Engine/Plugins/Interchange/Assets/Content/gltf/MaterialFunctions/MF_PerceivedBrightness.uasset" 776
"../../../Engine/Plugins/Interchange/Assets/Content/gltf/MaterialFunctions/MF_PerceivedBrightness.uexp" 777
"../../../Engine/Plugins/Interchange/Assets/Content/gltf/MaterialFunctions/MF_SpecGlossToMetalRoughness.uasset" 778
"../../../Engine/Plugins/Interchange/Assets/Content/gltf/MaterialFunctions/MF_SpecGlossToMetalRoughness.uexp" 779
"../../../Engine/Plugins/Interchange/Assets/Content/gltf/MaterialBodies/MF_SpecularGlossiness_Body.uasset" 780
"../../../Engine/Plugins/Interchange/Assets/Content/gltf/MaterialBodies/MF_SpecularGlossiness_Body.uexp" 781
"../../../Engine/Plugins/Interchange/Assets/Content/gltf/M_SpecularGlossiness.uasset" 782
"../../../Engine/Plugins/Interchange/Assets/Content/gltf/M_SpecularGlossiness.uexp" 783
"../../../Engine/Plugins/Interchange/Assets/Content/gltf/MaterialInstances/MI_SpecularGlossiness_Opaque_DS.uasset" 784
"../../../Engine/Plugins/Interchange/Assets/Content/gltf/MaterialInstances/MI_SpecularGlossiness_Opaque_DS.uexp" 785
"../../../Engine/Plugins/Interchange/Assets/Content/gltf/MaterialInstances/MI_SpecularGlossiness_Opaque.uasset" 786
"../../../Engine/Plugins/Interchange/Assets/Content/gltf/MaterialInstances/MI_SpecularGlossiness_Opaque.uexp" 787
"../../../Engine/Plugins/Interchange/Assets/Content/gltf/MaterialInstances/MI_SpecularGlossiness_Mask_DS.uasset" 788
"../../../Engine/Plugins/Interchange/Assets/Content/gltf/MaterialInstances/MI_SpecularGlossiness_Mask_DS.uexp" 789
"../../../Engine/Plugins/Interchange/Assets/Content/gltf/MaterialInstances/MI_SpecularGlossiness_Mask.uasset" 790
"../../../Engine/Plugins/Interchange/Assets/Content/gltf/MaterialInstances/MI_SpecularGlossiness_Mask.uexp" 791
"../../../Engine/Plugins/Interchange/Assets/Content/gltf/MaterialInstances/MI_SpecularGlossiness_Blend_DS.uasset" 792
"../../../Engine/Plugins/Interchange/Assets/Content/gltf/MaterialInstances/MI_SpecularGlossiness_Blend_DS.uexp" 793
"../../../Engine/Plugins/Interchange/Assets/Content/gltf/MaterialInstances/MI_SpecularGlossiness_Blend.uasset" 794
"../../../Engine/Plugins/Interchange/Assets/Content/gltf/MaterialInstances/MI_SpecularGlossiness_Blend.uexp" 795
"../../../Engine/Plugins/Interchange/Assets/Content/gltf/MaterialFunctions/MF_Sheen.uasset" 796
"../../../Engine/Plugins/Interchange/Assets/Content/gltf/MaterialFunctions/MF_Sheen.uexp" 797
"../../../Engine/Plugins/Interchange/Assets/Content/gltf/MaterialBodies/MF_Sheen_Body.uasset" 798
"../../../Engine/Plugins/Interchange/Assets/Content/gltf/MaterialBodies/MF_Sheen_Body.uexp" 799
"../../../Engine/Plugins/Interchange/Assets/Content/gltf/M_Sheen.uasset" 800
"../../../Engine/Plugins/Interchange/Assets/Content/gltf/M_Sheen.uexp" 801
"../../../Engine/Plugins/Interchange/Assets/Content/gltf/MaterialInstances/MI_Sheen_Opaque_DS.uasset" 802
"../../../Engine/Plugins/Interchange/Assets/Content/gltf/MaterialInstances/MI_Sheen_Opaque_DS.uexp" 803
"../../../Engine/Plugins/Interchange/Assets/Content/gltf/MaterialInstances/MI_Sheen_Opaque.uasset" 804
"../../../Engine/Plugins/Interchange/Assets/Content/gltf/MaterialInstances/MI_Sheen_Opaque.uexp" 805
"../../../Engine/Plugins/Interchange/Assets/Content/gltf/MaterialInstances/MI_Sheen_Mask_DS.uasset" 806
"../../../Engine/Plugins/Interchange/Assets/Content/gltf/MaterialInstances/MI_Sheen_Mask_DS.uexp" 807
"../../../Engine/Plugins/Interchange/Assets/Content/gltf/MaterialInstances/MI_Sheen_Mask.uasset" 808
"../../../Engine/Plugins/Interchange/Assets/Content/gltf/MaterialInstances/MI_Sheen_Mask.uexp" 809
"../../../Engine/Plugins/Interchange/Assets/Content/gltf/MaterialInstances/MI_Sheen_Blend_DS.uasset" 810
"../../../Engine/Plugins/Interchange/Assets/Content/gltf/MaterialInstances/MI_Sheen_Blend_DS.uexp" 811
"../../../Engine/Plugins/Interchange/Assets/Content/gltf/MaterialInstances/MI_Sheen_Blend.uasset" 812
"../../../Engine/Plugins/Interchange/Assets/Content/gltf/MaterialInstances/MI_Sheen_Blend.uexp" 813
"../../../Engine/Plugins/Interchange/Assets/Content/gltf/MaterialBodies/MF_Default_Body.uasset" 814
"../../../Engine/Plugins/Interchange/Assets/Content/gltf/MaterialBodies/MF_Default_Body.uexp" 815
"../../../Engine/Plugins/Interchange/Assets/Content/gltf/M_Default.uasset" 816
"../../../Engine/Plugins/Interchange/Assets/Content/gltf/M_Default.uexp" 817
"../../../Engine/Plugins/Interchange/Assets/Content/gltf/MaterialInstances/MI_Default_Opaque_DS.uasset" 818
"../../../Engine/Plugins/Interchange/Assets/Content/gltf/MaterialInstances/MI_Default_Opaque_DS.uexp" 819
"../../../Engine/Plugins/Interchange/Assets/Content/gltf/MaterialInstances/MI_Default_Opaque.uasset" 820
"../../../Engine/Plugins/Interchange/Assets/Content/gltf/MaterialInstances/MI_Default_Opaque.uexp" 821
"../../../Engine/Plugins/Interchange/Assets/Content/gltf/MaterialInstances/MI_Default_Mask_DS.uasset" 822
"../../../Engine/Plugins/Interchange/Assets/Content/gltf/MaterialInstances/MI_Default_Mask_DS.uexp" 823
"../../../Engine/Plugins/Interchange/Assets/Content/gltf/MaterialInstances/MI_Default_Mask.uasset" 824
"../../../Engine/Plugins/Interchange/Assets/Content/gltf/MaterialInstances/MI_Default_Mask.uexp" 825
"../../../Engine/Plugins/Interchange/Assets/Content/gltf/MaterialInstances/MI_Default_Blend_DS.uasset" 826
"../../../Engine/Plugins/Interchange/Assets/Content/gltf/MaterialInstances/MI_Default_Blend_DS.uexp" 827
"../../../Engine/Plugins/Interchange/Assets/Content/gltf/MaterialInstances/MI_Default_Blend.uasset" 828
"../../../Engine/Plugins/Interchange/Assets/Content/gltf/MaterialInstances/MI_Default_Blend.uexp" 829
"../../../Engine/Content/Functions/Engine_MaterialFunctions01/Texturing/FlattenNormal.uasset" 830
"../../../Engine/Content/Functions/Engine_MaterialFunctions01/Texturing/FlattenNormal.uexp" 831
"../../../Engine/Plugins/Interchange/Assets/Content/gltf/MaterialFunctions/MF_Clearcoat.uasset" 832
"../../../Engine/Plugins/Interchange/Assets/Content/gltf/MaterialFunctions/MF_Clearcoat.uexp" 833
"../../../Engine/Plugins/Interchange/Assets/Content/gltf/MaterialBodies/MF_ClearCoat_Body.uasset" 834
"../../../Engine/Plugins/Interchange/Assets/Content/gltf/MaterialBodies/MF_ClearCoat_Body.uexp" 835
"../../../Engine/Plugins/Interchange/Assets/Content/gltf/M_ClearCoat.uasset" 836
"../../../Engine/Plugins/Interchange/Assets/Content/gltf/M_ClearCoat.uexp" 837
"../../../Engine/Plugins/Interchange/Assets/Content/gltf/MaterialInstances/MI_ClearCoat_Opaque_DS.uasset" 838
"../../../Engine/Plugins/Interchange/Assets/Content/gltf/MaterialInstances/MI_ClearCoat_Opaque_DS.uexp" 839
"../../../Engine/Plugins/Interchange/Assets/Content/gltf/MaterialInstances/MI_ClearCoat_Opaque.uasset" 840
"../../../Engine/Plugins/Interchange/Assets/Content/gltf/MaterialInstances/MI_ClearCoat_Opaque.uexp" 841
"../../../Engine/Plugins/Interchange/Assets/Content/gltf/MaterialInstances/MI_ClearCoat_Mask_DS.uasset" 842
"../../../Engine/Plugins/Interchange/Assets/Content/gltf/MaterialInstances/MI_ClearCoat_Mask_DS.uexp" 843
"../../../Engine/Plugins/Interchange/Assets/Content/gltf/MaterialInstances/MI_ClearCoat_Mask.uasset" 844
"../../../Engine/Plugins/Interchange/Assets/Content/gltf/MaterialInstances/MI_ClearCoat_Mask.uexp" 845
"../../../Engine/Plugins/Interchange/Assets/Content/gltf/MaterialInstances/MI_ClearCoat_Blend_DS.uasset" 846
"../../../Engine/Plugins/Interchange/Assets/Content/gltf/MaterialInstances/MI_ClearCoat_Blend_DS.uexp" 847
"../../../Engine/Plugins/Interchange/Assets/Content/gltf/MaterialInstances/MI_ClearCoat_Blend.uasset" 848
"../../../Engine/Plugins/Interchange/Assets/Content/gltf/MaterialInstances/MI_ClearCoat_Blend.uexp" 849
"../../../Engine/Content/ArtTools/RenderToTexture/Meshes/S_1_Unit_Plane.uasset" 850
"../../../Engine/Content/ArtTools/RenderToTexture/Meshes/S_1_Unit_Plane.ubulk" 851
"../../../Engine/Content/ArtTools/RenderToTexture/Meshes/S_1_Unit_Plane.uexp" 852
"../../../Engine/Content/EngineMaterials/Substrate/Volume/SubstrateSimpleVolumeLUT3D.uasset" 853
"../../../Engine/Content/EngineMaterials/Substrate/Volume/SubstrateSimpleVolumeLUT3D.uexp" 854
"../../../Engine/Content/EngineMaterials/Substrate/Volume/SubstrateSimpleVolumeEnvLUT3D.uasset" 855
"../../../Engine/Content/EngineMaterials/Substrate/Volume/SubstrateSimpleVolumeEnvLUT3D.uexp" 856
"../../../Engine/Content/EngineMaterials/Substrate/Glints2/AGlintTex2dArray2.uasset" 857
"../../../Engine/Content/EngineMaterials/Substrate/Glints2/AGlintTex2dArray2.uexp" 858
"../../../Engine/Content/EngineMaterials/Substrate/GLints/AGlintTex2dArray.uasset" 859
"../../../Engine/Content/EngineMaterials/Substrate/GLints/AGlintTex2dArray.uexp" 860
"../../../Engine/Plugins/NNE/NNEDenoiser/Content/NNE_oidn2-3-0_rt_hdr_alb_nrm__dyn__fp16_opset11_DenoiseAlpha.uasset" 861
"../../../Engine/Plugins/NNE/NNEDenoiser/Content/NNE_oidn2-3-0_rt_hdr_alb_nrm__dyn__fp16_opset11_DenoiseAlpha.uexp" 862
"../../../Engine/Plugins/NNE/NNEDenoiser/Content/NNE_oidn2-3-0_rt_hdr_alb_nrm__dyn__fp16_opset11_ForwardAlpha.uasset" 863
"../../../Engine/Plugins/NNE/NNEDenoiser/Content/NNE_oidn2-3-0_rt_hdr_alb_nrm__dyn__fp16_opset11_ForwardAlpha.uexp" 864
"../../../Engine/Plugins/NNE/NNEDenoiser/Content/NNE_oidn2-3-0_rt_hdr_alb_nrm_small__dyn__fp16_opset11_DenoiseAlpha.uasset" 865
"../../../Engine/Plugins/NNE/NNEDenoiser/Content/NNE_oidn2-3-0_rt_hdr_alb_nrm_small__dyn__fp16_opset11_DenoiseAlpha.uexp" 866
"../../../Engine/Plugins/NNE/NNEDenoiser/Content/NNE_oidn2-3-0_rt_hdr_alb_nrm_small__dyn__fp16_opset11_ForwardAlpha.uasset" 867
"../../../Engine/Plugins/NNE/NNEDenoiser/Content/NNE_oidn2-3-0_rt_hdr_alb_nrm_small__dyn__fp16_opset11_ForwardAlpha.uexp" 868
"../../../Engine/Plugins/NNE/NNEDenoiser/Content/NNE_oidn2-3-0_rt_hdr_calb_cnrm_large__dyn__fp16_opset11_DenoiseAlpha.uasset" 869
"../../../Engine/Plugins/NNE/NNEDenoiser/Content/NNE_oidn2-3-0_rt_hdr_calb_cnrm_large__dyn__fp16_opset11_DenoiseAlpha.uexp" 870
"../../../Engine/Plugins/NNE/NNEDenoiser/Content/NNE_oidn2-3-0_rt_hdr_calb_cnrm_large__dyn__fp16_opset11_ForwardAlpha.uasset" 871
"../../../Engine/Plugins/NNE/NNEDenoiser/Content/NNE_oidn2-3-0_rt_hdr_calb_cnrm_large__dyn__fp16_opset11_ForwardAlpha.uexp" 872
"../../../Engine/Content/Functions/Engine_MaterialFunctions02/SplitComponents.uasset" 873
"../../../Engine/Content/Functions/Engine_MaterialFunctions02/SplitComponents.uexp" 874
"../../../Engine/Content/VREditor/SnapGrid/SnapGridMaterial.uasset" 875
"../../../Engine/Content/VREditor/SnapGrid/SnapGridMaterial.uexp" 876
"../../../Engine/Content/VREditor/SnapGrid/SnapGridPlaneMesh.uasset" 877
"../../../Engine/Content/VREditor/SnapGrid/SnapGridPlaneMesh.ubulk" 878
"../../../Engine/Content/VREditor/SnapGrid/SnapGridPlaneMesh.uexp" 879
"../../../Engine/Content/VREditor/Sounds/UI/Drop_Item_From_ContentBrowser.uasset" 880
"../../../Engine/Content/VREditor/Sounds/UI/Drop_Item_From_ContentBrowser.ubulk" 881
"../../../Engine/Content/VREditor/Sounds/UI/Drop_Item_From_ContentBrowser.uexp" 882
"../../../Engine/Content/VREditor/Sounds/UI/Gizmo_Handle_Clicked.uasset" 883
"../../../Engine/Content/VREditor/Sounds/UI/Gizmo_Handle_Clicked.ubulk" 884
"../../../Engine/Content/VREditor/Sounds/UI/Gizmo_Handle_Clicked.uexp" 885
"../../../Engine/Content/VREditor/Sounds/UI/Object_PickUp.uasset" 886
"../../../Engine/Content/VREditor/Sounds/UI/Object_PickUp.ubulk" 887
"../../../Engine/Content/VREditor/Sounds/UI/Object_PickUp.uexp" 888
"../../../Engine/Content/VREditor/Sounds/UI/Object_Snaps_To_Another_Actor.uasset" 889
"../../../Engine/Content/VREditor/Sounds/UI/Object_Snaps_To_Another_Actor.ubulk" 890
"../../../Engine/Content/VREditor/Sounds/UI/Object_Snaps_To_Another_Actor.uexp" 891
"../../../Engine/Content/VREditor/Sounds/UI/Object_Snaps_To_Grid.uasset" 892
"../../../Engine/Content/VREditor/Sounds/UI/Object_Snaps_To_Grid.ubulk" 893
"../../../Engine/Content/VREditor/Sounds/UI/Object_Snaps_To_Grid.uexp" 894
"../../../Engine/Content/VREditor/Sounds/UI/Scaling_Down.uasset" 895
"../../../Engine/Content/VREditor/Sounds/UI/Scaling_Down.ubulk" 896
"../../../Engine/Content/VREditor/Sounds/UI/Scaling_Down.uexp" 897
"../../../Engine/Content/VREditor/Sounds/UI/Scaling_Up.uasset" 898
"../../../Engine/Content/VREditor/Sounds/UI/Scaling_Up.ubulk" 899
"../../../Engine/Content/VREditor/Sounds/UI/Scaling_Up.uexp" 900
"../../../Engine/Content/VREditor/Sounds/UI/Selection_Changes.uasset" 901
"../../../Engine/Content/VREditor/Sounds/UI/Selection_Changes.ubulk" 902
"../../../Engine/Content/VREditor/Sounds/UI/Selection_Changes.uexp" 903
"../../../Engine/Content/VREditor/TransformGizmo/PlaneTranslationHandle.uasset" 904
"../../../Engine/Content/VREditor/TransformGizmo/PlaneTranslationHandle.ubulk" 905
"../../../Engine/Content/VREditor/TransformGizmo/PlaneTranslationHandle.uexp" 906
"../../../Engine/Content/VREditor/TransformGizmo/RotationHandleFull.uasset" 907
"../../../Engine/Content/VREditor/TransformGizmo/RotationHandleFull.ubulk" 908
"../../../Engine/Content/VREditor/TransformGizmo/RotationHandleFull.uexp" 909
"../../../Engine/Content/VREditor/TransformGizmo/RotationHandleIndicator.uasset" 910
"../../../Engine/Content/VREditor/TransformGizmo/RotationHandleIndicator.ubulk" 911
"../../../Engine/Content/VREditor/TransformGizmo/RotationHandleIndicator.uexp" 912
"../../../Engine/Content/VREditor/TransformGizmo/RotationHandleQuarter.uasset" 913
"../../../Engine/Content/VREditor/TransformGizmo/RotationHandleQuarter.ubulk" 914
"../../../Engine/Content/VREditor/TransformGizmo/RotationHandleQuarter.uexp" 915
"../../../Engine/Content/VREditor/TransformGizmo/StartRotationHandleIndicator.uasset" 916
"../../../Engine/Content/VREditor/TransformGizmo/StartRotationHandleIndicator.ubulk" 917
"../../../Engine/Content/VREditor/TransformGizmo/StartRotationHandleIndicator.uexp" 918
"../../../Engine/Content/VREditor/TransformGizmo/TranslucentTransformGizmoMaterial_Inst.uasset" 919
"../../../Engine/Content/VREditor/TransformGizmo/TranslucentTransformGizmoMaterial_Inst.uexp" 920
"../../../Engine/Content/VREditor/TransformGizmo/TransformGizmoFreeRotation.uasset" 921
"../../../Engine/Content/VREditor/TransformGizmo/TransformGizmoFreeRotation.ubulk" 922
"../../../Engine/Content/VREditor/TransformGizmo/TransformGizmoFreeRotation.uexp" 923
"../../../Engine/Content/VREditor/TransformGizmo/TransformGizmoMaterial_Inst.uasset" 924
"../../../Engine/Content/VREditor/TransformGizmo/TransformGizmoMaterial_Inst.uexp" 925
"../../../Engine/Content/VREditor/TransformGizmo/TranslateArrowHandle.uasset" 926
"../../../Engine/Content/VREditor/TransformGizmo/TranslateArrowHandle.ubulk" 927
"../../../Engine/Content/VREditor/TransformGizmo/TranslateArrowHandle.uexp" 928
"../../../Engine/Content/VREditor/TransformGizmo/UniformScaleHandle.uasset" 929
"../../../Engine/Content/VREditor/TransformGizmo/UniformScaleHandle.ubulk" 930
"../../../Engine/Content/VREditor/TransformGizmo/UniformScaleHandle.uexp" 931
"../../../Engine/Plugins/Animation/DeformerGraph/Content/DeformerFunctions/DG_Function_LinearBlendSkin_Morph_Cloth.uasset" 932
"../../../Engine/Plugins/Animation/DeformerGraph/Content/DeformerFunctions/DG_Function_LinearBlendSkin_Morph_Cloth.uexp" 933
"../../../Engine/Plugins/Animation/DeformerGraph/Content/Deformers/DG_LinearBlendSkin_Morph_Cloth.uasset" 934
"../../../Engine/Plugins/Animation/DeformerGraph/Content/Deformers/DG_LinearBlendSkin_Morph_Cloth.uexp" 935
"../../../Engine/Plugins/Animation/DeformerGraph/Content/DeformerFunctions/DG_Function_LinearBlendSkin_Morph_Cloth_PositionOnly.uasset" 936
"../../../Engine/Plugins/Animation/DeformerGraph/Content/DeformerFunctions/DG_Function_LinearBlendSkin_Morph_Cloth_PositionOnly.uexp" 937
"../../../Engine/Plugins/Animation/DeformerGraph/Content/DeformerFunctions/DG_Function_ComputeNormalsTangents.uasset" 938
"../../../Engine/Plugins/Animation/DeformerGraph/Content/DeformerFunctions/DG_Function_ComputeNormalsTangents.uexp" 939
"../../../Engine/Plugins/Animation/DeformerGraph/Content/Deformers/DG_LinearBlendSkin_Morph_Cloth_RecomputeNormals.uasset" 940
"../../../Engine/Plugins/Animation/DeformerGraph/Content/Deformers/DG_LinearBlendSkin_Morph_Cloth_RecomputeNormals.uexp" 941
"../../../Engine/Content/EngineResources/LandscapeVisibilityLayerInfo.uasset" 942
"../../../Engine/Content/EngineResources/LandscapeVisibilityLayerInfo.uexp" 943
"../../../Engine/Plugins/NNE/NNEDenoiser/Content/NNEDT_Oidn2-3_Balanced.uasset" 944
"../../../Engine/Plugins/NNE/NNEDenoiser/Content/NNEDT_Oidn2-3_Balanced.uexp" 945
"../../../Engine/Plugins/NNE/NNEDenoiser/Content/NNEDT_Oidn2-3_Balanced_Alpha.uasset" 946
"../../../Engine/Plugins/NNE/NNEDenoiser/Content/NNEDT_Oidn2-3_Balanced_Alpha.uexp" 947
"../../../Engine/Plugins/NNE/NNEDenoiser/Content/NNED_Oidn2-3_Balanced.uasset" 948
"../../../Engine/Plugins/NNE/NNEDenoiser/Content/NNED_Oidn2-3_Balanced.uexp" 949
"../../../Engine/Plugins/NNE/NNEDenoiser/Content/NNED_Oidn2-3_Balanced_Alpha.uasset" 950
"../../../Engine/Plugins/NNE/NNEDenoiser/Content/NNED_Oidn2-3_Balanced_Alpha.uexp" 951
"../../../Engine/Plugins/NNE/NNEDenoiser/Content/NNED_Oidn2-3_Fast.uasset" 952
"../../../Engine/Plugins/NNE/NNEDenoiser/Content/NNED_Oidn2-3_Fast.uexp" 953
"../../../Engine/Plugins/NNE/NNEDenoiser/Content/NNED_Oidn2-3_Fast_Alpha.uasset" 954
"../../../Engine/Plugins/NNE/NNEDenoiser/Content/NNED_Oidn2-3_Fast_Alpha.uexp" 955
"../../../Engine/Plugins/NNE/NNEDenoiser/Content/NNED_Oidn2-3_HighQuality.uasset" 956
"../../../Engine/Plugins/NNE/NNEDenoiser/Content/NNED_Oidn2-3_HighQuality.uexp" 957
"../../../Engine/Plugins/NNE/NNEDenoiser/Content/NNED_Oidn2-3_HighQuality_Alpha.uasset" 958
"../../../Engine/Plugins/NNE/NNEDenoiser/Content/NNED_Oidn2-3_HighQuality_Alpha.uexp" 959
"/home/MMUStuff/fyp2/bh3d-fyp2/Content/Blueprints/WB_MainMenu.uasset" 960
"/home/MMUStuff/fyp2/bh3d-fyp2/Content/Blueprints/WB_MainMenu.uexp" 961
"/home/MMUStuff/fyp2/bh3d-fyp2/Content/Blueprints/BP_MainMenu.uasset" 962
"/home/MMUStuff/fyp2/bh3d-fyp2/Content/Blueprints/BP_MainMenu.uexp" 963
"/home/MMUStuff/fyp2/bh3d-fyp2/Content/Maps/MainMenu.umap" 964
"/home/MMUStuff/fyp2/bh3d-fyp2/Content/Maps/MainMenu.uexp" 965
"../../../Engine/Content/EngineSky/T_Sky_Stars.uasset" 966
"../../../Engine/Content/EngineSky/T_Sky_Stars.ubulk" 967
"../../../Engine/Content/EngineSky/T_Sky_Stars.uexp" 968
"../../../Engine/Content/EngineSky/T_Sky_Clouds_M.uasset" 969
"../../../Engine/Content/EngineSky/T_Sky_Clouds_M.ubulk" 970
"../../../Engine/Content/EngineSky/T_Sky_Clouds_M.uexp" 971
"../../../Engine/Content/EngineSky/T_Sky_Blue.uasset" 972
"../../../Engine/Content/EngineSky/T_Sky_Blue.ubulk" 973
"../../../Engine/Content/EngineSky/T_Sky_Blue.uexp" 974
"../../../Engine/Content/EngineSky/M_Sky_Panning_Clouds2.uasset" 975
"../../../Engine/Content/EngineSky/M_Sky_Panning_Clouds2.uexp" 976
"../../../Engine/Content/EngineSky/SM_SkySphere.uasset" 977
"../../../Engine/Content/EngineSky/SM_SkySphere.ubulk" 978
"../../../Engine/Content/EngineSky/SM_SkySphere.uexp" 979
"../../../Engine/Content/BasicShapes/Cube.uasset" 980
"../../../Engine/Content/BasicShapes/Cube.ubulk" 981
"../../../Engine/Content/BasicShapes/Cube.uexp" 982
"/home/MMUStuff/fyp2/bh3d-fyp2/Content/Assets/material_bullet.uasset" 983
"/home/MMUStuff/fyp2/bh3d-fyp2/Content/Assets/material_bullet.uexp" 984
"/home/MMUStuff/fyp2/bh3d-fyp2/Content/Blueprints/BP_BulletNew.uasset" 985
"/home/MMUStuff/fyp2/bh3d-fyp2/Content/Blueprints/BP_BulletNew.uexp" 986
"/home/MMUStuff/fyp2/bh3d-fyp2/Content/MovementPatterns/fairy011.uasset" 987
"/home/MMUStuff/fyp2/bh3d-fyp2/Content/MovementPatterns/fairy011.uexp" 988
"../../../Engine/Content/MapTemplates/SM_Template_Map_Floor.uasset" 989
"../../../Engine/Content/MapTemplates/SM_Template_Map_Floor.ubulk" 990
"../../../Engine/Content/MapTemplates/SM_Template_Map_Floor.uexp" 991
"../../../Engine/Content/EngineMaterials/BlendFunc_DefBlend.uasset" 992
"../../../Engine/Content/EngineMaterials/BlendFunc_DefBlend.uexp" 993
"../../../Engine/Content/EngineMaterials/BlendFunc_DefBase.uasset" 994
"../../../Engine/Content/EngineMaterials/BlendFunc_DefBase.uexp" 995
"../../../Engine/Content/OpenWorldTemplate/LandscapeMaterial/T_GridChecker_A.uasset" 996
"../../../Engine/Content/OpenWorldTemplate/LandscapeMaterial/T_GridChecker_A.ubulk" 997
"../../../Engine/Content/OpenWorldTemplate/LandscapeMaterial/T_GridChecker_A.uexp" 998
"../../../Engine/Content/Functions/Engine_MaterialFunctions01/Gradient/LinearGradient.uasset" 999
"../../../Engine/Content/Functions/Engine_MaterialFunctions01/Gradient/LinearGradient.uexp" 1000
"../../../Engine/Content/Functions/Engine_MaterialFunctions01/ImageAdjustment/CheapContrast.uasset" 1001
"../../../Engine/Content/Functions/Engine_MaterialFunctions01/ImageAdjustment/CheapContrast.uexp" 1002
"../../../Engine/Content/Functions/Engine_MaterialFunctions03/Blends/Blend_Overlay.uasset" 1003
"../../../Engine/Content/Functions/Engine_MaterialFunctions03/Blends/Blend_Overlay.uexp" 1004
"../../../Engine/Content/OpenWorldTemplate/LandscapeMaterial/MF_ProcGrid.uasset" 1005
"../../../Engine/Content/OpenWorldTemplate/LandscapeMaterial/MF_ProcGrid.uexp" 1006
"../../../Engine/Content/OpenWorldTemplate/LandscapeMaterial/M_ProcGrid.uasset" 1007
"../../../Engine/Content/OpenWorldTemplate/LandscapeMaterial/M_ProcGrid.uexp" 1008
"../../../Engine/Content/OpenWorldTemplate/LandscapeMaterial/MI_ProcGrid.uasset" 1009
"../../../Engine/Content/OpenWorldTemplate/LandscapeMaterial/MI_ProcGrid.uexp" 1010
"/home/MMUStuff/fyp2/bh3d-fyp2/Content/Assets/texture_pbr_v128_roughness.uasset" 1011
"/home/MMUStuff/fyp2/bh3d-fyp2/Content/Assets/texture_pbr_v128_roughness.ubulk" 1012
"/home/MMUStuff/fyp2/bh3d-fyp2/Content/Assets/texture_pbr_v128_roughness.uexp" 1013
"/home/MMUStuff/fyp2/bh3d-fyp2/Content/Assets/texture_pbr_v128_normal.uasset" 1014
"/home/MMUStuff/fyp2/bh3d-fyp2/Content/Assets/texture_pbr_v128_normal.ubulk" 1015
"/home/MMUStuff/fyp2/bh3d-fyp2/Content/Assets/texture_pbr_v128_normal.uexp" 1016
"/home/MMUStuff/fyp2/bh3d-fyp2/Content/Assets/texture_pbr_v128.uasset" 1017
"/home/MMUStuff/fyp2/bh3d-fyp2/Content/Assets/texture_pbr_v128.ubulk" 1018
"/home/MMUStuff/fyp2/bh3d-fyp2/Content/Assets/texture_pbr_v128.uexp" 1019
"../../../Engine/Plugins/Interchange/Assets/Content/Functions/MF_PhongToMetalRoughness.uasset" 1020
"../../../Engine/Plugins/Interchange/Assets/Content/Functions/MF_PhongToMetalRoughness.uexp" 1021
"/home/MMUStuff/fyp2/bh3d-fyp2/Content/Assets/Material_002.uasset" 1022
"/home/MMUStuff/fyp2/bh3d-fyp2/Content/Assets/Material_002.uexp" 1023
"/home/MMUStuff/fyp2/bh3d-fyp2/Content/Assets/HDR_red_local_star.uasset" 1024
"/home/MMUStuff/fyp2/bh3d-fyp2/Content/Assets/HDR_red_local_star.uexp" 1025
"/home/MMUStuff/fyp2/bh3d-fyp2/Content/Assets/Sky.uasset" 1026
"/home/MMUStuff/fyp2/bh3d-fyp2/Content/Assets/Sky.uexp" 1027
"/home/MMUStuff/fyp2/bh3d-fyp2/Content/Assets/Sky_Inst.uasset" 1028
"/home/MMUStuff/fyp2/bh3d-fyp2/Content/Assets/Sky_Inst.uexp" 1029
"/home/MMUStuff/fyp2/bh3d-fyp2/Content/Blueprints/BP_BulletManager.uasset" 1030
"/home/MMUStuff/fyp2/bh3d-fyp2/Content/Blueprints/BP_BulletManager.uexp" 1031
"/home/MMUStuff/fyp2/bh3d-fyp2/Content/Assets/riverrock/RiverRock_Roughness.uasset" 1032
"/home/MMUStuff/fyp2/bh3d-fyp2/Content/Assets/riverrock/RiverRock_Roughness.ubulk" 1033
"/home/MMUStuff/fyp2/bh3d-fyp2/Content/Assets/riverrock/RiverRock_Roughness.uexp" 1034
"/home/MMUStuff/fyp2/bh3d-fyp2/Content/Assets/riverrock/RiverRock_Normal.uasset" 1035
"/home/MMUStuff/fyp2/bh3d-fyp2/Content/Assets/riverrock/RiverRock_Normal.ubulk" 1036
"/home/MMUStuff/fyp2/bh3d-fyp2/Content/Assets/riverrock/RiverRock_Normal.uexp" 1037
"/home/MMUStuff/fyp2/bh3d-fyp2/Content/Assets/riverrock/RiverRock_BaseColor.uasset" 1038
"/home/MMUStuff/fyp2/bh3d-fyp2/Content/Assets/riverrock/RiverRock_BaseColor.ubulk" 1039
"/home/MMUStuff/fyp2/bh3d-fyp2/Content/Assets/riverrock/RiverRock_BaseColor.uexp" 1040
"/home/MMUStuff/fyp2/bh3d-fyp2/Content/Assets/riverrock/lambert3.uasset" 1041
"/home/MMUStuff/fyp2/bh3d-fyp2/Content/Assets/riverrock/lambert3.uexp" 1042
"/home/MMUStuff/fyp2/bh3d-fyp2/Content/Assets/riverrock/RiverRock.uasset" 1043
"/home/MMUStuff/fyp2/bh3d-fyp2/Content/Assets/riverrock/RiverRock.ubulk" 1044
"/home/MMUStuff/fyp2/bh3d-fyp2/Content/Assets/riverrock/RiverRock.uexp" 1045
"/home/MMUStuff/fyp2/bh3d-fyp2/Content/Blueprints/BP_Asteroid.uasset" 1046
"/home/MMUStuff/fyp2/bh3d-fyp2/Content/Blueprints/BP_Asteroid.uexp" 1047
"/home/MMUStuff/fyp2/bh3d-fyp2/Content/Assets/material_playboundary.uasset" 1048
"/home/MMUStuff/fyp2/bh3d-fyp2/Content/Assets/material_playboundary.uexp" 1049
"/home/MMUStuff/fyp2/bh3d-fyp2/Content/Blueprints/BP_PlayBoundary.uasset" 1050
"/home/MMUStuff/fyp2/bh3d-fyp2/Content/Blueprints/BP_PlayBoundary.uexp" 1051
"/home/MMUStuff/fyp2/bh3d-fyp2/Content/Input/IA_Shoot.uasset" 1052
"/home/MMUStuff/fyp2/bh3d-fyp2/Content/Input/IA_Shoot.uexp" 1053
"/home/MMUStuff/fyp2/bh3d-fyp2/Content/Input/IA_Move.uasset" 1054
"/home/MMUStuff/fyp2/bh3d-fyp2/Content/Input/IA_Move.uexp" 1055
"/home/MMUStuff/fyp2/bh3d-fyp2/Content/Input/IA_Look.uasset" 1056
"/home/MMUStuff/fyp2/bh3d-fyp2/Content/Input/IA_Look.uexp" 1057
"/home/MMUStuff/fyp2/bh3d-fyp2/Content/Input/IA_Fly.uasset" 1058
"/home/MMUStuff/fyp2/bh3d-fyp2/Content/Input/IA_Fly.uexp" 1059
"/home/MMUStuff/fyp2/bh3d-fyp2/Content/Input/IMC_FreeCam.uasset" 1060
"/home/MMUStuff/fyp2/bh3d-fyp2/Content/Input/IMC_FreeCam.uexp" 1061
"/home/MMUStuff/fyp2/bh3d-fyp2/Content/Assets/UI/ka.uasset" 1062
"/home/MMUStuff/fyp2/bh3d-fyp2/Content/Assets/UI/ka.uexp" 1063
"/home/MMUStuff/fyp2/bh3d-fyp2/Content/Assets/UI/ka_empty.uasset" 1064
"/home/MMUStuff/fyp2/bh3d-fyp2/Content/Assets/UI/ka_empty.uexp" 1065
"/home/MMUStuff/fyp2/bh3d-fyp2/Content/Assets/UI/geng.uasset" 1066
"/home/MMUStuff/fyp2/bh3d-fyp2/Content/Assets/UI/geng.uexp" 1067
"/home/MMUStuff/fyp2/bh3d-fyp2/Content/Assets/UI/geng_empty.uasset" 1068
"/home/MMUStuff/fyp2/bh3d-fyp2/Content/Assets/UI/geng_empty.uexp" 1069
"/home/MMUStuff/fyp2/bh3d-fyp2/Content/Assets/UI/liang.uasset" 1070
"/home/MMUStuff/fyp2/bh3d-fyp2/Content/Assets/UI/liang.uexp" 1071
"/home/MMUStuff/fyp2/bh3d-fyp2/Content/Assets/UI/liang_empty.uasset" 1072
"/home/MMUStuff/fyp2/bh3d-fyp2/Content/Assets/UI/liang_empty.uexp" 1073
"/home/MMUStuff/fyp2/bh3d-fyp2/Content/Blueprints/WB_Bar.uasset" 1074
"/home/MMUStuff/fyp2/bh3d-fyp2/Content/Blueprints/WB_Bar.uexp" 1075
"../../../Engine/Plugins/FX/Niagara/Content/DefaultAssets/DefaultSpriteMaterial.uasset" 1076
"../../../Engine/Plugins/FX/Niagara/Content/DefaultAssets/DefaultSpriteMaterial.uexp" 1077
"/home/MMUStuff/fyp2/bh3d-fyp2/Content/Assets/NS_bullet.uasset" 1078
"/home/MMUStuff/fyp2/bh3d-fyp2/Content/Assets/NS_bullet.uexp" 1079
"/home/MMUStuff/fyp2/bh3d-fyp2/Content/Blueprints/BP_Bullet_Old.uasset" 1080
"/home/MMUStuff/fyp2/bh3d-fyp2/Content/Blueprints/BP_Bullet_Old.uexp" 1081
"../../../Engine/Content/BasicShapes/Sphere.uasset" 1082
"../../../Engine/Content/BasicShapes/Sphere.ubulk" 1083
"../../../Engine/Content/BasicShapes/Sphere.uexp" 1084
"../../../Engine/Content/BasicShapes/BasicShapeMaterial.uasset" 1085
"../../../Engine/Content/BasicShapes/BasicShapeMaterial.uexp" 1086
"/home/MMUStuff/fyp2/bh3d-fyp2/Content/Patterns/AxisAligned.uasset" 1087
"/home/MMUStuff/fyp2/bh3d-fyp2/Content/Patterns/AxisAligned.uexp" 1088
"/home/MMUStuff/fyp2/bh3d-fyp2/Content/Patterns/Hourglass2.uasset" 1089
"/home/MMUStuff/fyp2/bh3d-fyp2/Content/Patterns/Hourglass2.uexp" 1090
"/home/MMUStuff/fyp2/bh3d-fyp2/Content/Patterns/Hourglass1.uasset" 1091
"/home/MMUStuff/fyp2/bh3d-fyp2/Content/Patterns/Hourglass1.uexp" 1092
"/home/MMUStuff/fyp2/bh3d-fyp2/Content/Patterns/Hourglass.uasset" 1093
"/home/MMUStuff/fyp2/bh3d-fyp2/Content/Patterns/Hourglass.uexp" 1094
"/home/MMUStuff/fyp2/bh3d-fyp2/Content/Patterns/AttackSequences/HourglassLoop.uasset" 1095
"/home/MMUStuff/fyp2/bh3d-fyp2/Content/Patterns/AttackSequences/HourglassLoop.uexp" 1096
"/home/MMUStuff/fyp2/bh3d-fyp2/Content/Blueprints/Old/BP_Spawner_Old.uasset" 1097
"/home/MMUStuff/fyp2/bh3d-fyp2/Content/Blueprints/Old/BP_Spawner_Old.uexp" 1098
"/home/MMUStuff/fyp2/bh3d-fyp2/Content/Blueprints/BP_Bullet_Child_Old.uasset" 1099
"/home/MMUStuff/fyp2/bh3d-fyp2/Content/Blueprints/BP_Bullet_Child_Old.uexp" 1100
"/home/MMUStuff/fyp2/bh3d-fyp2/Content/Assets/Big_Light.uasset" 1101
"/home/MMUStuff/fyp2/bh3d-fyp2/Content/Assets/Big_Light.uexp" 1102
"/home/MMUStuff/fyp2/bh3d-fyp2/Content/Assets/lights.uasset" 1103
"/home/MMUStuff/fyp2/bh3d-fyp2/Content/Assets/lights.uexp" 1104
"/home/MMUStuff/fyp2/bh3d-fyp2/Content/Assets/ufo.uasset" 1105
"/home/MMUStuff/fyp2/bh3d-fyp2/Content/Assets/ufo.ubulk" 1106
"/home/MMUStuff/fyp2/bh3d-fyp2/Content/Assets/ufo.uexp" 1107
"/home/MMUStuff/fyp2/bh3d-fyp2/Content/Blueprints/BP_Player.uasset" 1108
"/home/MMUStuff/fyp2/bh3d-fyp2/Content/Blueprints/BP_Player.uexp" 1109
"/home/MMUStuff/fyp2/bh3d-fyp2/Content/MovementPatterns/fairy111.uasset" 1110
"/home/MMUStuff/fyp2/bh3d-fyp2/Content/MovementPatterns/fairy111.uexp" 1111
"/home/MMUStuff/fyp2/bh3d-fyp2/Content/Patterns/LaughCharacter.uasset" 1112
"/home/MMUStuff/fyp2/bh3d-fyp2/Content/Patterns/LaughCharacter.uexp" 1113
"/home/MMUStuff/fyp2/bh3d-fyp2/Content/Patterns/GlobeWireframe.uasset" 1114
"/home/MMUStuff/fyp2/bh3d-fyp2/Content/Patterns/GlobeWireframe.uexp" 1115
"/home/MMUStuff/fyp2/bh3d-fyp2/Content/Patterns/AttackSequences/PhaseTest2.uasset" 1116
"/home/MMUStuff/fyp2/bh3d-fyp2/Content/Patterns/AttackSequences/PhaseTest2.uexp" 1117
"/home/MMUStuff/fyp2/bh3d-fyp2/Content/Blueprints/Enemies/PhaseTestEnemy2.uasset" 1118
"/home/MMUStuff/fyp2/bh3d-fyp2/Content/Blueprints/Enemies/PhaseTestEnemy2.uexp" 1119
"/home/MMUStuff/fyp2/bh3d-fyp2/Content/Blueprints/WB_HUD.uasset" 1120
"/home/MMUStuff/fyp2/bh3d-fyp2/Content/Blueprints/WB_HUD.uexp" 1121
"/home/MMUStuff/fyp2/bh3d-fyp2/Content/Blueprints/NewHUD.uasset" 1122
"/home/MMUStuff/fyp2/bh3d-fyp2/Content/Blueprints/NewHUD.uexp" 1123
"/home/MMUStuff/fyp2/bh3d-fyp2/Content/Blueprints/NewGameMode.uasset" 1124
"/home/MMUStuff/fyp2/bh3d-fyp2/Content/Blueprints/NewGameMode.uexp" 1125
"/home/MMUStuff/fyp2/bh3d-fyp2/Content/Maps/NewMap.umap" 1126
"/home/MMUStuff/fyp2/bh3d-fyp2/Content/Maps/NewMap.uexp" 1127
"../../../Engine/Content/Maps/Entry_BuiltData.uasset" 1128
"../../../Engine/Content/Maps/Entry_BuiltData.uexp" 1129
"../../../Engine/Content/Maps/Entry.umap" 1130
"../../../Engine/Content/Maps/Entry.uexp" 1131
